{"C:\\Users\\ahmed\\OneDrive\\Desktop\\bulletin\\functions\\src\\board.ts":{"path":"C:\\Users\\ahmed\\OneDrive\\Desktop\\bulletin\\functions\\src\\board.ts","statementMap":{"0":{"start":{"line":2,"column":0},"end":{"line":2,"column":62}},"1":{"start":{"line":3,"column":0},"end":{"line":3,"column":243}},"2":{"start":{"line":4,"column":15},"end":{"line":4,"column":32}},"3":{"start":{"line":5,"column":19},"end":{"line":5,"column":40}},"4":{"start":{"line":6,"column":16},"end":{"line":6,"column":45}},"5":{"start":{"line":12,"column":0},"end":{"line":36,"column":3}},"6":{"start":{"line":13,"column":4},"end":{"line":13,"column":25}},"7":{"start":{"line":16,"column":4},"end":{"line":35,"column":7}},"8":{"start":{"line":17,"column":8},"end":{"line":18,"column":61}},"9":{"start":{"line":18,"column":12},"end":{"line":18,"column":61}},"10":{"start":{"line":29,"column":25},"end":{"line":29,"column":86}},"11":{"start":{"line":31,"column":8},"end":{"line":34,"column":57}},"12":{"start":{"line":32,"column":12},"end":{"line":32,"column":89}},"13":{"start":{"line":32,"column":74},"end":{"line":32,"column":84}},"14":{"start":{"line":34,"column":12},"end":{"line":34,"column":57}},"15":{"start":{"line":37,"column":0},"end":{"line":59,"column":3}},"16":{"start":{"line":40,"column":4},"end":{"line":58,"column":7}},"17":{"start":{"line":41,"column":8},"end":{"line":42,"column":61}},"18":{"start":{"line":42,"column":12},"end":{"line":42,"column":61}},"19":{"start":{"line":43,"column":19},"end":{"line":43,"column":35}},"20":{"start":{"line":44,"column":8},"end":{"line":46,"column":9}},"21":{"start":{"line":45,"column":12},"end":{"line":45,"column":55}},"22":{"start":{"line":49,"column":25},"end":{"line":49,"column":96}},"23":{"start":{"line":51,"column":8},"end":{"line":57,"column":57}},"24":{"start":{"line":52,"column":12},"end":{"line":55,"column":15}},"25":{"start":{"line":57,"column":12},"end":{"line":57,"column":57}},"26":{"start":{"line":64,"column":0},"end":{"line":88,"column":3}},"27":{"start":{"line":66,"column":4},"end":{"line":87,"column":7}},"28":{"start":{"line":68,"column":8},"end":{"line":69,"column":62}},"29":{"start":{"line":69,"column":12},"end":{"line":69,"column":62}},"30":{"start":{"line":72,"column":21},"end":{"line":72,"column":33}},"31":{"start":{"line":75,"column":8},"end":{"line":78,"column":9}},"32":{"start":{"line":76,"column":12},"end":{"line":76,"column":62}},"33":{"start":{"line":77,"column":12},"end":{"line":77,"column":19}},"34":{"start":{"line":80,"column":28},"end":{"line":80,"column":93}},"35":{"start":{"line":82,"column":8},"end":{"line":86,"column":9}},"36":{"start":{"line":83,"column":12},"end":{"line":85,"column":21}},"37":{"start":{"line":89,"column":0},"end":{"line":110,"column":3}},"38":{"start":{"line":92,"column":4},"end":{"line":109,"column":7}},"39":{"start":{"line":93,"column":8},"end":{"line":94,"column":64}},"40":{"start":{"line":94,"column":12},"end":{"line":94,"column":64}},"41":{"start":{"line":95,"column":25},"end":{"line":95,"column":47}},"42":{"start":{"line":96,"column":8},"end":{"line":98,"column":9}},"43":{"start":{"line":97,"column":12},"end":{"line":97,"column":60}},"44":{"start":{"line":101,"column":25},"end":{"line":101,"column":102}},"45":{"start":{"line":103,"column":8},"end":{"line":108,"column":57}},"46":{"start":{"line":104,"column":12},"end":{"line":104,"column":30}},"47":{"start":{"line":105,"column":12},"end":{"line":105,"column":80}},"48":{"start":{"line":108,"column":12},"end":{"line":108,"column":57}},"49":{"start":{"line":111,"column":0},"end":{"line":139,"column":3}},"50":{"start":{"line":114,"column":4},"end":{"line":138,"column":7}},"51":{"start":{"line":115,"column":8},"end":{"line":116,"column":61}},"52":{"start":{"line":116,"column":12},"end":{"line":116,"column":61}},"53":{"start":{"line":117,"column":25},"end":{"line":117,"column":47}},"54":{"start":{"line":118,"column":8},"end":{"line":120,"column":9}},"55":{"start":{"line":119,"column":12},"end":{"line":119,"column":60}},"56":{"start":{"line":121,"column":21},"end":{"line":121,"column":33}},"57":{"start":{"line":124,"column":8},"end":{"line":127,"column":9}},"58":{"start":{"line":125,"column":12},"end":{"line":125,"column":62}},"59":{"start":{"line":126,"column":12},"end":{"line":126,"column":19}},"60":{"start":{"line":130,"column":25},"end":{"line":130,"column":102}},"61":{"start":{"line":132,"column":8},"end":{"line":137,"column":57}},"62":{"start":{"line":133,"column":12},"end":{"line":133,"column":31}},"63":{"start":{"line":134,"column":12},"end":{"line":134,"column":80}},"64":{"start":{"line":137,"column":12},"end":{"line":137,"column":57}},"65":{"start":{"line":140,"column":0},"end":{"line":166,"column":3}},"66":{"start":{"line":143,"column":4},"end":{"line":165,"column":7}},"67":{"start":{"line":145,"column":8},"end":{"line":146,"column":61}},"68":{"start":{"line":146,"column":12},"end":{"line":146,"column":61}},"69":{"start":{"line":147,"column":25},"end":{"line":147,"column":47}},"70":{"start":{"line":148,"column":8},"end":{"line":150,"column":9}},"71":{"start":{"line":149,"column":12},"end":{"line":149,"column":60}},"72":{"start":{"line":153,"column":21},"end":{"line":153,"column":33}},"73":{"start":{"line":156,"column":8},"end":{"line":159,"column":9}},"74":{"start":{"line":157,"column":12},"end":{"line":157,"column":62}},"75":{"start":{"line":158,"column":12},"end":{"line":158,"column":19}},"76":{"start":{"line":161,"column":25},"end":{"line":161,"column":132}},"77":{"start":{"line":163,"column":8},"end":{"line":164,"column":85}},"78":{"start":{"line":164,"column":12},"end":{"line":164,"column":85}},"79":{"start":{"line":167,"column":0},"end":{"line":192,"column":3}},"80":{"start":{"line":170,"column":4},"end":{"line":191,"column":7}},"81":{"start":{"line":171,"column":8},"end":{"line":172,"column":64}},"82":{"start":{"line":172,"column":12},"end":{"line":172,"column":64}},"83":{"start":{"line":173,"column":24},"end":{"line":173,"column":45}},"84":{"start":{"line":174,"column":8},"end":{"line":176,"column":9}},"85":{"start":{"line":175,"column":12},"end":{"line":175,"column":59}},"86":{"start":{"line":177,"column":25},"end":{"line":177,"column":47}},"87":{"start":{"line":178,"column":8},"end":{"line":180,"column":9}},"88":{"start":{"line":179,"column":12},"end":{"line":179,"column":60}},"89":{"start":{"line":183,"column":25},"end":{"line":183,"column":143}},"90":{"start":{"line":185,"column":8},"end":{"line":190,"column":56}},"91":{"start":{"line":186,"column":12},"end":{"line":186,"column":30}},"92":{"start":{"line":187,"column":12},"end":{"line":187,"column":66}},"93":{"start":{"line":190,"column":12},"end":{"line":190,"column":56}},"94":{"start":{"line":193,"column":0},"end":{"line":225,"column":3}},"95":{"start":{"line":196,"column":4},"end":{"line":224,"column":7}},"96":{"start":{"line":197,"column":8},"end":{"line":198,"column":61}},"97":{"start":{"line":198,"column":12},"end":{"line":198,"column":61}},"98":{"start":{"line":199,"column":25},"end":{"line":199,"column":47}},"99":{"start":{"line":200,"column":8},"end":{"line":202,"column":9}},"100":{"start":{"line":201,"column":12},"end":{"line":201,"column":60}},"101":{"start":{"line":203,"column":24},"end":{"line":203,"column":45}},"102":{"start":{"line":204,"column":8},"end":{"line":206,"column":9}},"103":{"start":{"line":205,"column":12},"end":{"line":205,"column":59}},"104":{"start":{"line":207,"column":21},"end":{"line":207,"column":33}},"105":{"start":{"line":210,"column":8},"end":{"line":213,"column":9}},"106":{"start":{"line":211,"column":12},"end":{"line":211,"column":62}},"107":{"start":{"line":212,"column":12},"end":{"line":212,"column":19}},"108":{"start":{"line":216,"column":25},"end":{"line":216,"column":143}},"109":{"start":{"line":218,"column":8},"end":{"line":223,"column":57}},"110":{"start":{"line":219,"column":12},"end":{"line":219,"column":31}},"111":{"start":{"line":220,"column":12},"end":{"line":220,"column":68}},"112":{"start":{"line":223,"column":12},"end":{"line":223,"column":57}},"113":{"start":{"line":226,"column":0},"end":{"line":245,"column":3}},"114":{"start":{"line":229,"column":4},"end":{"line":244,"column":7}},"115":{"start":{"line":231,"column":8},"end":{"line":232,"column":61}},"116":{"start":{"line":232,"column":12},"end":{"line":232,"column":61}},"117":{"start":{"line":233,"column":25},"end":{"line":233,"column":47}},"118":{"start":{"line":234,"column":8},"end":{"line":236,"column":9}},"119":{"start":{"line":235,"column":12},"end":{"line":235,"column":60}},"120":{"start":{"line":240,"column":25},"end":{"line":240,"column":128}},"121":{"start":{"line":242,"column":8},"end":{"line":243,"column":131}},"122":{"start":{"line":243,"column":12},"end":{"line":243,"column":131}},"123":{"start":{"line":243,"column":75},"end":{"line":243,"column":125}},"124":{"start":{"line":246,"column":0},"end":{"line":254,"column":2}},"125":{"start":{"line":247,"column":21},"end":{"line":250,"column":24}},"126":{"start":{"line":251,"column":4},"end":{"line":253,"column":5}},"127":{"start":{"line":252,"column":8},"end":{"line":252,"column":26}}},"fnMap":{"0":{"name":"(anonymous_0)","decl":{"start":{"line":12,"column":57},"end":{"line":12,"column":58}},"loc":{"start":{"line":12,"column":86},"end":{"line":36,"column":1}},"line":12},"1":{"name":"(anonymous_1)","decl":{"start":{"line":16,"column":38},"end":{"line":16,"column":39}},"loc":{"start":{"line":16,"column":50},"end":{"line":35,"column":5}},"line":16},"2":{"name":"(anonymous_2)","decl":{"start":{"line":32,"column":65},"end":{"line":32,"column":66}},"loc":{"start":{"line":32,"column":74},"end":{"line":32,"column":84}},"line":32},"3":{"name":"(anonymous_3)","decl":{"start":{"line":37,"column":56},"end":{"line":37,"column":57}},"loc":{"start":{"line":37,"column":85},"end":{"line":59,"column":1}},"line":37},"4":{"name":"(anonymous_4)","decl":{"start":{"line":40,"column":38},"end":{"line":40,"column":39}},"loc":{"start":{"line":40,"column":50},"end":{"line":58,"column":5}},"line":40},"5":{"name":"(anonymous_5)","decl":{"start":{"line":64,"column":56},"end":{"line":64,"column":57}},"loc":{"start":{"line":64,"column":85},"end":{"line":88,"column":1}},"line":64},"6":{"name":"(anonymous_6)","decl":{"start":{"line":66,"column":38},"end":{"line":66,"column":39}},"loc":{"start":{"line":66,"column":50},"end":{"line":87,"column":5}},"line":66},"7":{"name":"(anonymous_7)","decl":{"start":{"line":89,"column":59},"end":{"line":89,"column":60}},"loc":{"start":{"line":89,"column":88},"end":{"line":110,"column":1}},"line":89},"8":{"name":"(anonymous_8)","decl":{"start":{"line":92,"column":38},"end":{"line":92,"column":39}},"loc":{"start":{"line":92,"column":50},"end":{"line":109,"column":5}},"line":92},"9":{"name":"(anonymous_9)","decl":{"start":{"line":111,"column":57},"end":{"line":111,"column":58}},"loc":{"start":{"line":111,"column":86},"end":{"line":139,"column":1}},"line":111},"10":{"name":"(anonymous_10)","decl":{"start":{"line":114,"column":38},"end":{"line":114,"column":39}},"loc":{"start":{"line":114,"column":50},"end":{"line":138,"column":5}},"line":114},"11":{"name":"(anonymous_11)","decl":{"start":{"line":140,"column":62},"end":{"line":140,"column":63}},"loc":{"start":{"line":140,"column":91},"end":{"line":166,"column":1}},"line":140},"12":{"name":"(anonymous_12)","decl":{"start":{"line":143,"column":38},"end":{"line":143,"column":39}},"loc":{"start":{"line":143,"column":50},"end":{"line":165,"column":5}},"line":143},"13":{"name":"(anonymous_13)","decl":{"start":{"line":167,"column":67},"end":{"line":167,"column":68}},"loc":{"start":{"line":167,"column":96},"end":{"line":192,"column":1}},"line":167},"14":{"name":"(anonymous_14)","decl":{"start":{"line":170,"column":38},"end":{"line":170,"column":39}},"loc":{"start":{"line":170,"column":50},"end":{"line":191,"column":5}},"line":170},"15":{"name":"(anonymous_15)","decl":{"start":{"line":193,"column":65},"end":{"line":193,"column":66}},"loc":{"start":{"line":193,"column":94},"end":{"line":225,"column":1}},"line":193},"16":{"name":"(anonymous_16)","decl":{"start":{"line":196,"column":38},"end":{"line":196,"column":39}},"loc":{"start":{"line":196,"column":50},"end":{"line":224,"column":5}},"line":196},"17":{"name":"(anonymous_17)","decl":{"start":{"line":226,"column":61},"end":{"line":226,"column":62}},"loc":{"start":{"line":226,"column":90},"end":{"line":245,"column":1}},"line":226},"18":{"name":"(anonymous_18)","decl":{"start":{"line":229,"column":38},"end":{"line":229,"column":39}},"loc":{"start":{"line":229,"column":50},"end":{"line":244,"column":5}},"line":229},"19":{"name":"(anonymous_19)","decl":{"start":{"line":243,"column":65},"end":{"line":243,"column":66}},"loc":{"start":{"line":243,"column":75},"end":{"line":243,"column":125}},"line":243},"20":{"name":"(anonymous_20)","decl":{"start":{"line":246,"column":29},"end":{"line":246,"column":30}},"loc":{"start":{"line":246,"column":43},"end":{"line":254,"column":1}},"line":246}},"branchMap":{"0":{"loc":{"start":{"line":17,"column":8},"end":{"line":18,"column":61}},"type":"if","locations":[{"start":{"line":17,"column":8},"end":{"line":18,"column":61}},{"start":{"line":17,"column":8},"end":{"line":18,"column":61}}],"line":17},"1":{"loc":{"start":{"line":31,"column":8},"end":{"line":34,"column":57}},"type":"if","locations":[{"start":{"line":31,"column":8},"end":{"line":34,"column":57}},{"start":{"line":31,"column":8},"end":{"line":34,"column":57}}],"line":31},"2":{"loc":{"start":{"line":41,"column":8},"end":{"line":42,"column":61}},"type":"if","locations":[{"start":{"line":41,"column":8},"end":{"line":42,"column":61}},{"start":{"line":41,"column":8},"end":{"line":42,"column":61}}],"line":41},"3":{"loc":{"start":{"line":44,"column":8},"end":{"line":46,"column":9}},"type":"if","locations":[{"start":{"line":44,"column":8},"end":{"line":46,"column":9}},{"start":{"line":44,"column":8},"end":{"line":46,"column":9}}],"line":44},"4":{"loc":{"start":{"line":51,"column":8},"end":{"line":57,"column":57}},"type":"if","locations":[{"start":{"line":51,"column":8},"end":{"line":57,"column":57}},{"start":{"line":51,"column":8},"end":{"line":57,"column":57}}],"line":51},"5":{"loc":{"start":{"line":68,"column":8},"end":{"line":69,"column":62}},"type":"if","locations":[{"start":{"line":68,"column":8},"end":{"line":69,"column":62}},{"start":{"line":68,"column":8},"end":{"line":69,"column":62}}],"line":68},"6":{"loc":{"start":{"line":75,"column":8},"end":{"line":78,"column":9}},"type":"if","locations":[{"start":{"line":75,"column":8},"end":{"line":78,"column":9}},{"start":{"line":75,"column":8},"end":{"line":78,"column":9}}],"line":75},"7":{"loc":{"start":{"line":82,"column":8},"end":{"line":86,"column":9}},"type":"if","locations":[{"start":{"line":82,"column":8},"end":{"line":86,"column":9}},{"start":{"line":82,"column":8},"end":{"line":86,"column":9}}],"line":82},"8":{"loc":{"start":{"line":93,"column":8},"end":{"line":94,"column":64}},"type":"if","locations":[{"start":{"line":93,"column":8},"end":{"line":94,"column":64}},{"start":{"line":93,"column":8},"end":{"line":94,"column":64}}],"line":93},"9":{"loc":{"start":{"line":96,"column":8},"end":{"line":98,"column":9}},"type":"if","locations":[{"start":{"line":96,"column":8},"end":{"line":98,"column":9}},{"start":{"line":96,"column":8},"end":{"line":98,"column":9}}],"line":96},"10":{"loc":{"start":{"line":103,"column":8},"end":{"line":108,"column":57}},"type":"if","locations":[{"start":{"line":103,"column":8},"end":{"line":108,"column":57}},{"start":{"line":103,"column":8},"end":{"line":108,"column":57}}],"line":103},"11":{"loc":{"start":{"line":115,"column":8},"end":{"line":116,"column":61}},"type":"if","locations":[{"start":{"line":115,"column":8},"end":{"line":116,"column":61}},{"start":{"line":115,"column":8},"end":{"line":116,"column":61}}],"line":115},"12":{"loc":{"start":{"line":118,"column":8},"end":{"line":120,"column":9}},"type":"if","locations":[{"start":{"line":118,"column":8},"end":{"line":120,"column":9}},{"start":{"line":118,"column":8},"end":{"line":120,"column":9}}],"line":118},"13":{"loc":{"start":{"line":124,"column":8},"end":{"line":127,"column":9}},"type":"if","locations":[{"start":{"line":124,"column":8},"end":{"line":127,"column":9}},{"start":{"line":124,"column":8},"end":{"line":127,"column":9}}],"line":124},"14":{"loc":{"start":{"line":132,"column":8},"end":{"line":137,"column":57}},"type":"if","locations":[{"start":{"line":132,"column":8},"end":{"line":137,"column":57}},{"start":{"line":132,"column":8},"end":{"line":137,"column":57}}],"line":132},"15":{"loc":{"start":{"line":145,"column":8},"end":{"line":146,"column":61}},"type":"if","locations":[{"start":{"line":145,"column":8},"end":{"line":146,"column":61}},{"start":{"line":145,"column":8},"end":{"line":146,"column":61}}],"line":145},"16":{"loc":{"start":{"line":148,"column":8},"end":{"line":150,"column":9}},"type":"if","locations":[{"start":{"line":148,"column":8},"end":{"line":150,"column":9}},{"start":{"line":148,"column":8},"end":{"line":150,"column":9}}],"line":148},"17":{"loc":{"start":{"line":156,"column":8},"end":{"line":159,"column":9}},"type":"if","locations":[{"start":{"line":156,"column":8},"end":{"line":159,"column":9}},{"start":{"line":156,"column":8},"end":{"line":159,"column":9}}],"line":156},"18":{"loc":{"start":{"line":163,"column":8},"end":{"line":164,"column":85}},"type":"if","locations":[{"start":{"line":163,"column":8},"end":{"line":164,"column":85}},{"start":{"line":163,"column":8},"end":{"line":164,"column":85}}],"line":163},"19":{"loc":{"start":{"line":171,"column":8},"end":{"line":172,"column":64}},"type":"if","locations":[{"start":{"line":171,"column":8},"end":{"line":172,"column":64}},{"start":{"line":171,"column":8},"end":{"line":172,"column":64}}],"line":171},"20":{"loc":{"start":{"line":174,"column":8},"end":{"line":176,"column":9}},"type":"if","locations":[{"start":{"line":174,"column":8},"end":{"line":176,"column":9}},{"start":{"line":174,"column":8},"end":{"line":176,"column":9}}],"line":174},"21":{"loc":{"start":{"line":178,"column":8},"end":{"line":180,"column":9}},"type":"if","locations":[{"start":{"line":178,"column":8},"end":{"line":180,"column":9}},{"start":{"line":178,"column":8},"end":{"line":180,"column":9}}],"line":178},"22":{"loc":{"start":{"line":185,"column":8},"end":{"line":190,"column":56}},"type":"if","locations":[{"start":{"line":185,"column":8},"end":{"line":190,"column":56}},{"start":{"line":185,"column":8},"end":{"line":190,"column":56}}],"line":185},"23":{"loc":{"start":{"line":197,"column":8},"end":{"line":198,"column":61}},"type":"if","locations":[{"start":{"line":197,"column":8},"end":{"line":198,"column":61}},{"start":{"line":197,"column":8},"end":{"line":198,"column":61}}],"line":197},"24":{"loc":{"start":{"line":200,"column":8},"end":{"line":202,"column":9}},"type":"if","locations":[{"start":{"line":200,"column":8},"end":{"line":202,"column":9}},{"start":{"line":200,"column":8},"end":{"line":202,"column":9}}],"line":200},"25":{"loc":{"start":{"line":204,"column":8},"end":{"line":206,"column":9}},"type":"if","locations":[{"start":{"line":204,"column":8},"end":{"line":206,"column":9}},{"start":{"line":204,"column":8},"end":{"line":206,"column":9}}],"line":204},"26":{"loc":{"start":{"line":210,"column":8},"end":{"line":213,"column":9}},"type":"if","locations":[{"start":{"line":210,"column":8},"end":{"line":213,"column":9}},{"start":{"line":210,"column":8},"end":{"line":213,"column":9}}],"line":210},"27":{"loc":{"start":{"line":218,"column":8},"end":{"line":223,"column":57}},"type":"if","locations":[{"start":{"line":218,"column":8},"end":{"line":223,"column":57}},{"start":{"line":218,"column":8},"end":{"line":223,"column":57}}],"line":218},"28":{"loc":{"start":{"line":231,"column":8},"end":{"line":232,"column":61}},"type":"if","locations":[{"start":{"line":231,"column":8},"end":{"line":232,"column":61}},{"start":{"line":231,"column":8},"end":{"line":232,"column":61}}],"line":231},"29":{"loc":{"start":{"line":234,"column":8},"end":{"line":236,"column":9}},"type":"if","locations":[{"start":{"line":234,"column":8},"end":{"line":236,"column":9}},{"start":{"line":234,"column":8},"end":{"line":236,"column":9}}],"line":234},"30":{"loc":{"start":{"line":242,"column":8},"end":{"line":243,"column":131}},"type":"if","locations":[{"start":{"line":242,"column":8},"end":{"line":243,"column":131}},{"start":{"line":242,"column":8},"end":{"line":243,"column":131}}],"line":242},"31":{"loc":{"start":{"line":251,"column":4},"end":{"line":253,"column":5}},"type":"if","locations":[{"start":{"line":251,"column":4},"end":{"line":253,"column":5}},{"start":{"line":251,"column":4},"end":{"line":253,"column":5}}],"line":251}},"s":{"0":1,"1":1,"2":1,"3":1,"4":1,"5":1,"6":2,"7":2,"8":2,"9":1,"10":1,"11":1,"12":1,"13":0,"14":0,"15":1,"16":0,"17":0,"18":0,"19":0,"20":0,"21":0,"22":0,"23":0,"24":0,"25":0,"26":1,"27":75,"28":75,"29":1,"30":74,"31":74,"32":1,"33":0,"34":73,"35":73,"36":73,"37":1,"38":0,"39":0,"40":0,"41":0,"42":0,"43":0,"44":0,"45":0,"46":0,"47":0,"48":0,"49":1,"50":0,"51":0,"52":0,"53":0,"54":0,"55":0,"56":0,"57":0,"58":0,"59":0,"60":0,"61":0,"62":0,"63":0,"64":0,"65":1,"66":3,"67":3,"68":1,"69":2,"70":2,"71":1,"72":1,"73":1,"74":0,"75":0,"76":1,"77":1,"78":1,"79":1,"80":0,"81":0,"82":0,"83":0,"84":0,"85":0,"86":0,"87":0,"88":0,"89":0,"90":0,"91":0,"92":0,"93":0,"94":1,"95":0,"96":0,"97":0,"98":0,"99":0,"100":0,"101":0,"102":0,"103":0,"104":0,"105":0,"106":0,"107":0,"108":0,"109":0,"110":0,"111":0,"112":0,"113":1,"114":3,"115":3,"116":1,"117":2,"118":2,"119":1,"120":1,"121":1,"122":1,"123":0,"124":1,"125":69,"126":69,"127":69},"f":{"0":2,"1":2,"2":0,"3":0,"4":0,"5":75,"6":75,"7":0,"8":0,"9":0,"10":0,"11":3,"12":3,"13":0,"14":0,"15":0,"16":0,"17":3,"18":3,"19":0,"20":69},"b":{"0":[1,1],"1":[1,0],"2":[0,0],"3":[0,0],"4":[0,0],"5":[1,74],"6":[1,73],"7":[73,0],"8":[0,0],"9":[0,0],"10":[0,0],"11":[0,0],"12":[0,0],"13":[0,0],"14":[0,0],"15":[1,2],"16":[1,1],"17":[0,1],"18":[1,0],"19":[0,0],"20":[0,0],"21":[0,0],"22":[0,0],"23":[0,0],"24":[0,0],"25":[0,0],"26":[0,0],"27":[0,0],"28":[1,2],"29":[1,1],"30":[1,0],"31":[69,0]},"inputSourceMap":{"version":3,"file":"C:/Users/ahmed/OneDrive/Desktop/bulletin/functions/src/board.ts","sources":["C:/Users/ahmed/OneDrive/Desktop/bulletin/functions/src/board.ts"],"names":[],"mappings":";;;AACA,iCAAiC;AACjC,yCAA8C;AAC9C,8CAA0D;AAC1D,6CAA6C;AAE7C;;;GAGG;AACU,QAAA,SAAS,GAAG,oBAAS,CAAC,KAAK,CAAC,SAAS,CAAC,KAAK,EAAE,OAAO,EAAE,QAAQ,EAAE,EAAE;IAC7E,OAAO,CAAC,GAAG,CAAC,OAAO,CAAC,CAAA;IACpB,kFAAkF;IAClF,iCAAiC;IACjC,cAAW,CAAC,OAAO,EAAE,QAAQ,EAAE,KAAK,IAAI,EAAE;QACxC,IAAI,OAAO,CAAC,MAAM,KAAK,KAAK;YAC1B,QAAQ,CAAC,MAAM,CAAC,GAAG,CAAC,CAAC,IAAI,CAAC,qBAAqB,CAAC,CAAC;QAEjD,mEAAmE;QAEnE,8CAA8C;QAC9C,eAAe;QACf,yDAAyD;QACzD,MAAM;QACN,oBAAoB;QACpB,uDAAuD;QACvD,KAAK;QACP,mBAAmB;QAEnB,oEAAoE;QACpE,MAAM,QAAQ,GAAG,MAAM,gBAAK,CAAC,SAAS,EAAE,CAAC,UAAU,CAAC,QAAQ,CAAC,CAAC,GAAG,EAAE,CAAC;QAEpE,kEAAkE;QAClE,IAAI,QAAQ;YACV,QAAQ,CAAC,MAAM,CAAC,GAAG,CAAC,CAAC,IAAI,CAAC,EAAE,KAAK,EAAE,QAAQ,CAAC,IAAI,CAAC,GAAG,CAAC,CAAC,GAAG,EAAE,EAAE,CAAC,GAAG,CAAC,IAAI,EAAE,CAAC,EAAE,CAAC,CAAC;;YAE7E,QAAQ,CAAC,MAAM,CAAC,GAAG,CAAC,CAAC,IAAI,CAAC,iBAAiB,CAAC,CAAC;IACjD,CAAC,CAAC,CAAC;AACL,CAAC,CAAC,CAAA;AACW,QAAA,QAAQ,GAAG,oBAAS,CAAC,KAAK,CAAC,SAAS,CAAC,KAAK,EAAE,OAAO,EAAE,QAAQ,EAAE,EAAE;IAC5E,kFAAkF;IAClF,iCAAiC;IACjC,cAAW,CAAC,OAAO,EAAE,QAAQ,EAAE,KAAK,IAAI,EAAE;QACxC,IAAI,OAAO,CAAC,MAAM,KAAK,KAAK;YAC1B,QAAQ,CAAC,MAAM,CAAC,GAAG,CAAC,CAAC,IAAI,CAAC,qBAAqB,CAAC,CAAC;QAEnD,MAAM,EAAE,GAAG,OAAO,CAAC,KAAK,CAAC,EAAE,CAAA;QAC3B,IAAG,CAAC,EAAE,EAAC;YACL,QAAQ,CAAC,MAAM,CAAC,GAAG,CAAC,CAAC,IAAI,CAAC,eAAe,CAAC,CAAC;SAC5C;QACD,mBAAmB;QAEnB,oEAAoE;QACpE,MAAM,QAAQ,GAAG,MAAM,gBAAK,CAAC,SAAS,EAAE,CAAC,UAAU,CAAC,QAAQ,CAAC,CAAC,GAAG,CAAC,MAAM,CAAC,EAAE,CAAC,CAAC,CAAC;QAG9E,kEAAkE;QAClE,IAAI,CAAC,MAAM,QAAQ,CAAC,GAAG,EAAE,CAAC,CAAC,MAAM;YAC/B,QAAQ,CAAC,IAAI,CAAC,EAAE,KAAK,EAAE;oBACrB,IAAI,EAAE,CAAC,MAAM,QAAQ,CAAC,GAAG,EAAE,CAAC,CAAC,IAAI,EAAE;iBACpC;aACF,CAAC,CAAC;;YAED,QAAQ,CAAC,MAAM,CAAC,GAAG,CAAC,CAAC,IAAI,CAAC,iBAAiB,CAAC,CAAC;IACjD,CAAC,CAAC,CAAC;AACL,CAAC,CAAC,CAAC;AAEH;;;GAGG;AACU,QAAA,QAAQ,GAAG,oBAAS,CAAC,KAAK,CAAC,SAAS,CAAC,KAAK,EAAE,OAAO,EAAE,QAAQ,EAAE,EAAE;IAC5E,kFAAkF;IAClF,cAAW,CAAC,OAAO,EAAE,QAAQ,EAAE,KAAK,IAAI,EAAE;QACxC,oBAAoB;QACpB,IAAI,OAAO,CAAC,MAAM,KAAK,MAAM;YAC3B,QAAQ,CAAC,MAAM,CAAC,GAAG,CAAC,CAAC,IAAI,CAAC,sBAAsB,CAAC,CAAC;QAEpD,mBAAmB;QAEnB,kCAAkC;QAClC,MAAM,IAAI,GAAG,OAAO,CAAC,IAAI,CAAC;QAE1B,gDAAgD;QAChD,gDAAgD;QAChD,IAAI,CAAC,eAAO,CAAC,IAAI,CAAC,EAAE;YAClB,QAAQ,CAAC,MAAM,CAAC,GAAG,CAAC,CAAC,IAAI,CAAC,sBAAsB,CAAC,CAAC;YAClD,OAAO;SACR;QAED,gDAAgD;QAChD,MAAM,WAAW,GAAG,MAAM,gBAAK,CAAC,SAAS,EAAE,CAAC,UAAU,CAAC,QAAQ,CAAC,CAAC,GAAG,CAAC,IAAI,CAAC,CAAC;QAE3E,kEAAkE;QAClE,IAAI,WAAW,EAAE;YACf,QAAQ,CAAC,IAAI,CAAC,EAAC,KAAK,EAAE;oBACpB,EAAE,EAAE,WAAW,CAAC,EAAE;iBACnB,EAAC,CAAC,CAAC;SACL;IACH,CAAC,CAAC,CAAC;AACL,CAAC,CAAC,CAAC;AACU,QAAA,WAAW,GAAG,oBAAS,CAAC,KAAK,CAAC,SAAS,CAAC,KAAK,EAAE,OAAO,EAAE,QAAQ,EAAE,EAAE;IAC/E,kFAAkF;IAClF,iCAAiC;IACjC,cAAW,CAAC,OAAO,EAAE,QAAQ,EAAE,KAAK,IAAI,EAAE;QACxC,IAAI,OAAO,CAAC,MAAM,KAAK,QAAQ;YAC7B,QAAQ,CAAC,MAAM,CAAC,GAAG,CAAC,CAAC,IAAI,CAAC,wBAAwB,CAAC,CAAC;QAEtD,MAAM,QAAQ,GAAG,OAAO,CAAC,KAAK,CAAC,QAAQ,CAAA;QACvC,IAAG,CAAC,QAAQ,EAAC;YACX,QAAQ,CAAC,MAAM,CAAC,GAAG,CAAC,CAAC,IAAI,CAAC,oBAAoB,CAAC,CAAC;SACjD;QACD,mBAAmB;QAEnB,gDAAgD;QAChD,MAAM,QAAQ,GAAG,MAAM,gBAAK,CAAC,SAAS,EAAE,CAAC,UAAU,CAAC,QAAQ,CAAC,CAAC,GAAG,CAAC,MAAM,CAAC,QAAQ,CAAC,CAAC,CAAC;QAEpF,yDAAyD;QACzD,IAAI,CAAC,MAAM,QAAQ,CAAC,GAAG,EAAE,CAAC,CAAC,MAAM,EAAC;YAChC,QAAQ,CAAC,MAAM,EAAE,CAAC;YAClB,QAAQ,CAAC,MAAM,CAAC,GAAG,CAAC,CAAC,IAAI,CAAC,kBAAkB,QAAQ,cAAc,CAAC,CAAC;SACrE;;YACC,QAAQ,CAAC,MAAM,CAAC,GAAG,CAAC,CAAC,IAAI,CAAC,iBAAiB,CAAC,CAAC;IACjD,CAAC,CAAC,CAAC;AACL,CAAC,CAAC,CAAC;AACU,QAAA,SAAS,GAAG,oBAAS,CAAC,KAAK,CAAC,SAAS,CAAC,KAAK,EAAE,OAAO,EAAE,QAAQ,EAAE,EAAE;IAC7E,kFAAkF;IAClF,iCAAiC;IACjC,cAAW,CAAC,OAAO,EAAE,QAAQ,EAAE,KAAK,IAAI,EAAE;QACxC,IAAI,OAAO,CAAC,MAAM,KAAK,KAAK;YAC1B,QAAQ,CAAC,MAAM,CAAC,GAAG,CAAC,CAAC,IAAI,CAAC,qBAAqB,CAAC,CAAC;QAEnD,MAAM,QAAQ,GAAG,OAAO,CAAC,KAAK,CAAC,QAAQ,CAAA;QACvC,IAAG,CAAC,QAAQ,EAAC;YACX,QAAQ,CAAC,MAAM,CAAC,GAAG,CAAC,CAAC,IAAI,CAAC,oBAAoB,CAAC,CAAC;SACjD;QAED,MAAM,IAAI,GAAG,OAAO,CAAC,IAAI,CAAC;QAE1B,gDAAgD;QAChD,gDAAgD;QAChD,IAAI,CAAC,eAAO,CAAC,IAAI,CAAC,EAAE;YAClB,QAAQ,CAAC,MAAM,CAAC,GAAG,CAAC,CAAC,IAAI,CAAC,sBAAsB,CAAC,CAAC;YAClD,OAAO;SACR;QACD,mBAAmB;QAEnB,oEAAoE;QACpE,MAAM,QAAQ,GAAG,MAAM,gBAAK,CAAC,SAAS,EAAE,CAAC,UAAU,CAAC,QAAQ,CAAC,CAAC,GAAG,CAAC,MAAM,CAAC,QAAQ,CAAC,CAAC,CAAC;QAEpF,uDAAuD;QACvD,IAAI,CAAC,MAAM,QAAQ,CAAC,GAAG,EAAE,CAAC,CAAC,MAAM,EAAC;YAChC,QAAQ,CAAC,GAAG,CAAC,IAAI,CAAC,CAAC;YACnB,QAAQ,CAAC,MAAM,CAAC,GAAG,CAAC,CAAC,IAAI,CAAC,kBAAkB,QAAQ,cAAc,CAAC,CAAC;SACrE;;YACC,QAAQ,CAAC,MAAM,CAAC,GAAG,CAAC,CAAC,IAAI,CAAC,iBAAiB,CAAC,CAAC;IACjD,CAAC,CAAC,CAAC;AACL,CAAC,CAAC,CAAC;AAEU,QAAA,cAAc,GAAG,oBAAS,CAAC,KAAK,CAAC,SAAS,CAAC,KAAK,EAAE,OAAO,EAAE,QAAQ,EAAE,EAAE;IAClF,kFAAkF;IAClF,iCAAiC;IACjC,cAAW,CAAC,OAAO,EAAE,QAAQ,EAAE,KAAK,IAAI,EAAE;QACxC,oBAAoB;QACpB,IAAI,OAAO,CAAC,MAAM,KAAK,KAAK;YAC1B,QAAQ,CAAC,MAAM,CAAC,GAAG,CAAC,CAAC,IAAI,CAAC,qBAAqB,CAAC,CAAC;QAEjD,MAAM,QAAQ,GAAG,OAAO,CAAC,KAAK,CAAC,QAAQ,CAAA;QACvC,IAAG,CAAC,QAAQ,EAAC;YACX,QAAQ,CAAC,MAAM,CAAC,GAAG,CAAC,CAAC,IAAI,CAAC,oBAAoB,CAAC,CAAC;SACjD;QACD,mBAAmB;QACrB,kCAAkC;QAClC,MAAM,IAAI,GAAG,OAAO,CAAC,IAAI,CAAC;QAE1B,gDAAgD;QAChD,qDAAqD;QACrD,IAAI,CAAC,mBAAW,CAAC,IAAI,CAAC,EAAE;YACtB,QAAQ,CAAC,MAAM,CAAC,GAAG,CAAC,CAAC,IAAI,CAAC,sBAAsB,CAAC,CAAC;YAClD,OAAO;SACR;QACD,iCAAiC;QACjC,MAAM,QAAQ,GAAG,MAAM,gBAAK,CAAC,SAAS,EAAE,CAAC,UAAU,CAAC,QAAQ,CAAC,CAAC,GAAG,CAAC,MAAM,CAAC,QAAQ,CAAC,CAAC,CAAC,UAAU,CAAC,OAAO,CAAC,CAAC,GAAG,CAAC,IAAI,CAAC,CAAC;QAElH,kEAAkE;QAClE,IAAI,QAAQ;YACV,QAAQ,CAAC,MAAM,CAAC,GAAG,CAAC,CAAC,IAAI,CAAC,yBAAyB,QAAQ,CAAC,EAAE,SAAS,CAAC,CAAC;IAC7E,CAAC,CAAC,CAAC;AACL,CAAC,CAAC,CAAC;AACU,QAAA,mBAAmB,GAAG,oBAAS,CAAC,KAAK,CAAC,SAAS,CAAC,KAAK,EAAE,OAAO,EAAE,QAAQ,EAAE,EAAE;IACvF,kFAAkF;IAClF,iCAAiC;IACjC,cAAW,CAAC,OAAO,EAAE,QAAQ,EAAE,KAAK,IAAI,EAAE;QACxC,IAAI,OAAO,CAAC,MAAM,KAAK,QAAQ;YAC7B,QAAQ,CAAC,MAAM,CAAC,GAAG,CAAC,CAAC,IAAI,CAAC,wBAAwB,CAAC,CAAC;QAEtD,MAAM,OAAO,GAAG,OAAO,CAAC,KAAK,CAAC,OAAO,CAAA;QACrC,IAAG,CAAC,OAAO,EAAC;YACV,QAAQ,CAAC,MAAM,CAAC,GAAG,CAAC,CAAC,IAAI,CAAC,mBAAmB,CAAC,CAAC;SAChD;QACD,MAAM,QAAQ,GAAG,OAAO,CAAC,KAAK,CAAC,QAAQ,CAAA;QACvC,IAAG,CAAC,QAAQ,EAAC;YACX,QAAQ,CAAC,MAAM,CAAC,GAAG,CAAC,CAAC,IAAI,CAAC,oBAAoB,CAAC,CAAC;SACjD;QACD,mBAAmB;QAEnB,+CAA+C;QAC/C,MAAM,QAAQ,GAAG,MAAM,gBAAK,CAAC,SAAS,EAAE,CAAC,UAAU,CAAC,QAAQ,CAAC,CAAC,GAAG,CAAC,MAAM,CAAC,QAAQ,CAAC,CAAC,CAAC,UAAU,CAAC,OAAO,CAAC,CAAC,GAAG,CAAC,MAAM,CAAC,OAAO,CAAC,CAAC,CAAC;QAE7H,sDAAsD;QACtD,IAAI,CAAC,MAAM,QAAQ,CAAC,GAAG,EAAE,CAAC,CAAC,MAAM,EAAC;YAChC,QAAQ,CAAC,MAAM,EAAE,CAAC;YAClB,QAAQ,CAAC,IAAI,CAAC,iBAAiB,OAAO,cAAc,CAAC,CAAC;SACvD;;YAEC,QAAQ,CAAC,MAAM,CAAC,GAAG,CAAC,CAAC,IAAI,CAAC,gBAAgB,CAAC,CAAC;IAChD,CAAC,CAAC,CAAC;AACL,CAAC,CAAC,CAAC;AACU,QAAA,iBAAiB,GAAG,oBAAS,CAAC,KAAK,CAAC,SAAS,CAAC,KAAK,EAAE,OAAO,EAAE,QAAQ,EAAE,EAAE;IACrF,kFAAkF;IAClF,iCAAiC;IACjC,cAAW,CAAC,OAAO,EAAE,QAAQ,EAAE,KAAK,IAAI,EAAE;QACxC,IAAI,OAAO,CAAC,MAAM,KAAK,KAAK;YAC1B,QAAQ,CAAC,MAAM,CAAC,GAAG,CAAC,CAAC,IAAI,CAAC,qBAAqB,CAAC,CAAC;QAEnD,MAAM,QAAQ,GAAG,OAAO,CAAC,KAAK,CAAC,QAAQ,CAAA;QACvC,IAAG,CAAC,QAAQ,EAAC;YACX,QAAQ,CAAC,MAAM,CAAC,GAAG,CAAC,CAAC,IAAI,CAAC,oBAAoB,CAAC,CAAC;SACjD;QACD,MAAM,OAAO,GAAG,OAAO,CAAC,KAAK,CAAC,OAAO,CAAA;QACrC,IAAG,CAAC,OAAO,EAAC;YACV,QAAQ,CAAC,MAAM,CAAC,GAAG,CAAC,CAAC,IAAI,CAAC,mBAAmB,CAAC,CAAC;SAChD;QAED,MAAM,IAAI,GAAG,OAAO,CAAC,IAAI,CAAC;QAE1B,gDAAgD;QAChD,gDAAgD;QAChD,IAAI,CAAC,mBAAW,CAAC,IAAI,CAAC,EAAE;YACtB,QAAQ,CAAC,MAAM,CAAC,GAAG,CAAC,CAAC,IAAI,CAAC,sBAAsB,CAAC,CAAC;YAClD,OAAO;SACR;QACD,mBAAmB;QAEnB,oEAAoE;QACpE,MAAM,QAAQ,GAAG,MAAM,gBAAK,CAAC,SAAS,EAAE,CAAC,UAAU,CAAC,QAAQ,CAAC,CAAC,GAAG,CAAC,MAAM,CAAC,QAAQ,CAAC,CAAC,CAAC,UAAU,CAAC,OAAO,CAAC,CAAC,GAAG,CAAC,MAAM,CAAC,OAAO,CAAC,CAAC,CAAC;QAE7H,uDAAuD;QACvD,IAAI,CAAC,MAAM,QAAQ,CAAC,GAAG,EAAE,CAAC,CAAC,MAAM,EAAC;YAChC,QAAQ,CAAC,GAAG,CAAC,IAAI,CAAC,CAAC;YACnB,QAAQ,CAAC,IAAI,CAAC,kBAAkB,QAAQ,cAAc,CAAC,CAAC;SACzD;;YACC,QAAQ,CAAC,MAAM,CAAC,GAAG,CAAC,CAAC,IAAI,CAAC,iBAAiB,CAAC,CAAC;IACjD,CAAC,CAAC,CAAC;AACL,CAAC,CAAC,CAAC;AAEU,QAAA,aAAa,GAAG,oBAAS,CAAC,KAAK,CAAC,SAAS,CAAC,KAAK,EAAE,OAAO,EAAE,QAAQ,EAAE,EAAE;IACjF,kFAAkF;IAClF,iCAAiC;IACjC,cAAW,CAAC,OAAO,EAAE,QAAQ,EAAE,KAAK,IAAI,EAAE;QACxC,oBAAoB;QACpB,IAAI,OAAO,CAAC,MAAM,KAAK,KAAK;YAC1B,QAAQ,CAAC,MAAM,CAAC,GAAG,CAAC,CAAC,IAAI,CAAC,qBAAqB,CAAC,CAAC;QAEjD,MAAM,QAAQ,GAAG,OAAO,CAAC,KAAK,CAAC,QAAQ,CAAA;QACvC,IAAG,CAAC,QAAQ,EAAC;YACX,QAAQ,CAAC,MAAM,CAAC,GAAG,CAAC,CAAC,IAAI,CAAC,oBAAoB,CAAC,CAAC;SACjD;QACD,mBAAmB;QACrB,kCAAkC;QAElC,iCAAiC;QACjC,MAAM,QAAQ,GAAG,MAAM,gBAAK,CAAC,SAAS,EAAE,CAAC,UAAU,CAAC,QAAQ,CAAC,CAAC,GAAG,CAAC,MAAM,CAAC,QAAQ,CAAC,CAAC,CAAC,UAAU,CAAC,OAAO,CAAC,CAAC,GAAG,EAAE,CAAC;QAE9G,kEAAkE;QAClE,IAAI,QAAQ;YACZ,QAAQ,CAAC,MAAM,CAAC,GAAG,CAAC,CAAC,IAAI,CAAC,EAAE,KAAK,EAAE,QAAQ,CAAC,IAAI,CAAC,GAAG,CAAC,CAAC,GAAG,EAAE,EAAE,CAAC,iBAAG,WAAW,EAAE,GAAG,CAAC,EAAE,IAAK,GAAG,CAAC,IAAI,EAAE,EAAG,CAAC,EAAE,CAAC,CAAC;IAC7G,CAAC,CAAC,CAAC;AACL,CAAC,CAAC,CAAC;AAEU,QAAA,kBAAkB,GAAG,KAAK,EAAE,EAAU,EAAE,EAAE;IACrD,MAAM,QAAQ,GAAG,MAAM,gBAAK;SACrB,SAAS,EAAE;SACX,UAAU,CAAC,QAAQ,CAAC;SACpB,GAAG,CAAC,MAAM,CAAC,EAAE,CAAC,CAAC,CAAC;IAEnB,IAAI,CAAC,MAAM,QAAQ,CAAC,GAAG,EAAE,CAAC,CAAC,MAAM,EAAE;QACjC,QAAQ,CAAC,MAAM,EAAE,CAAC;KACnB;AACP,CAAC,CAAA","sourcesContent":["\r\nimport corsHandler from \"./cors\";\r\nimport { admin, functions } from \"./firebase\";\r\nimport { isBoard, isBoardUser } from \"./typeguards/board\";\r\n// import { isUserAuthorized } from \"./auth\";\r\n\r\n/**\r\n * Gets all boards from firestore, under the path /boards, and returns it as a json\r\n * object in the response's body\r\n */\r\nexport const getBoards = functions.https.onRequest(async (request, response) => {\r\n  console.log(request)\r\n  // you need corsHandler to allow requests from localhost and the deployed website,\r\n  // so you don't get a CORS error.\r\n  corsHandler(request, response, async () => {\r\n    if (request.method !== \"GET\")\r\n      response.status(400).send(\"Bad method. Use GET\");\r\n\r\n      // const accessToken = request.get(\"Authorization\")?.split(\" \")[1];\r\n\r\n      // isUserAuthorized(accessToken).then(res => {\r\n      //   if(!res) {\r\n      //     response.status(401).send(\"User is unauthorized\");\r\n      //   }\r\n      // }).catch(err => {\r\n      //   response.status(401).send(\"User is unauthorized\");\r\n      // })\r\n    // TODO: Check auth\r\n\r\n    // Push the new message into Firestore using the Firebase Admin SDK.\r\n    const snapshot = await admin.firestore().collection(\"boards\").get();\r\n    \r\n    // Send back a message that we've successfully written the message\r\n    if (snapshot)\r\n      response.status(200).json({ board: snapshot.docs.map((doc) => doc.data()) });\r\n    else \r\n      response.status(400).send(\"Board Not Found\");\r\n  });\r\n})\r\nexport const getBoard = functions.https.onRequest(async (request, response) => {\r\n  // you need corsHandler to allow requests from localhost and the deployed website,\r\n  // so you don't get a CORS error.\r\n  corsHandler(request, response, async () => {\r\n    if (request.method !== \"GET\")\r\n      response.status(400).send(\"Bad method. Use GET\");\r\n\r\n    const id = request.query.id\r\n    if(!id){\r\n      response.status(400).send(\"Specify an id\");\r\n    }\r\n    // TODO: Check auth\r\n\r\n    // Push the new message into Firestore using the Firebase Admin SDK.\r\n    const snapshot = await admin.firestore().collection(\"boards\").doc(String(id));\r\n   \r\n    \r\n    // Send back a message that we've successfully written the message\r\n    if ((await snapshot.get()).exists)\r\n      response.json({ board: {\r\n        data: (await snapshot.get()).data()  \r\n      }\r\n    });\r\n    else \r\n      response.status(400).send(\"Board Not Found\");\r\n  });\r\n});\r\n\r\n/**\r\n * Take the boards object send in the request body and insert it into Firestore\r\n * under the path /boards/writeResult.id\r\n */\r\nexport const addBoard = functions.https.onRequest(async (request, response) => {\r\n  // you need corsHandler to allow requests from localhost and the deployed website,\r\n  corsHandler(request, response, async () => {\r\n    // Check HTTP method\r\n    if (request.method !== \"POST\")\r\n      response.status(400).send(\"Bad method. Use POST\");\r\n\r\n    // TODO: Check auth\r\n\r\n    // Read the body from the request.\r\n    const body = request.body;\r\n\r\n    // Ensure the body has the necessary information\r\n    // In this case, we check if the body is of type\r\n    if (!isBoard(body)) {\r\n      response.status(400).send(\"Bad body in request.\");\r\n      return;\r\n    }\r\n\r\n    // Get the board based on the request parameters\r\n    const writeResult = await admin.firestore().collection(\"boards\").add(body);\r\n\r\n    // Send back a message that we've successfully written the message\r\n    if (writeResult) {\r\n      response.json({board: {\r\n        id: writeResult.id,\r\n      }});\r\n    }\r\n  });\r\n});\r\nexport const deleteBoard = functions.https.onRequest(async (request, response) => {\r\n  // you need corsHandler to allow requests from localhost and the deployed website,\r\n  // so you don't get a CORS error.\r\n  corsHandler(request, response, async () => {\r\n    if (request.method !== \"DELETE\")\r\n      response.status(400).send(\"Bad method. Use DELETE\");\r\n\r\n    const board_id = request.query.board_id\r\n    if(!board_id){\r\n      response.status(400).send(\"Specify a board id\");\r\n    }\r\n    // TODO: Check auth\r\n\r\n    // Get the board based on the request parameters\r\n    const snapshot = await admin.firestore().collection('boards').doc(String(board_id));\r\n    \r\n    //delete the event (if found) and send a response message\r\n    if ((await snapshot.get()).exists){\r\n      snapshot.delete();\r\n      response.status(400).send(`Board with ID: ${board_id} is deleted.`);\r\n    }else \r\n      response.status(400).send(\"Board Not Found\");\r\n  });\r\n});\r\nexport const editBoard = functions.https.onRequest(async (request, response) => {\r\n  // you need corsHandler to allow requests from localhost and the deployed website,\r\n  // so you don't get a CORS error.\r\n  corsHandler(request, response, async () => {\r\n    if (request.method !== \"PUT\")\r\n      response.status(400).send(\"Bad method. Use PUT\");\r\n\r\n    const board_id = request.query.board_id\r\n    if(!board_id){\r\n      response.status(400).send(\"Specify a board id\");\r\n    }\r\n\r\n    const body = request.body;\r\n\r\n    // Ensure the body has the necessary information\r\n    // In this case, we check if the body is of type\r\n    if (!isBoard(body)) {\r\n      response.status(400).send(\"Bad body in request.\");\r\n      return;\r\n    }\r\n    // TODO: Check auth\r\n\r\n    // Push the new message into Firestore using the Firebase Admin SDK.\r\n    const snapshot = await admin.firestore().collection('boards').doc(String(board_id));\r\n    \r\n    //edit the board (if found) and send a response message\r\n    if ((await snapshot.get()).exists){\r\n      snapshot.set(body);\r\n      response.status(400).send(`Board with ID: ${board_id} is updated.`);\r\n    }else \r\n      response.status(400).send(\"Board Not Found\");\r\n  });\r\n});\r\n\r\nexport const addUserToBoard = functions.https.onRequest(async (request, response) => {\r\n  // you need corsHandler to allow requests from localhost and the deployed website,\r\n  // so you don't get a CORS error.\r\n  corsHandler(request, response, async () => {\r\n    // Check HTTP method\r\n    if (request.method !== \"PUT\")\r\n      response.status(400).send(\"Bad method. Use PUT\");\r\n\r\n      const board_id = request.query.board_id\r\n      if(!board_id){\r\n        response.status(400).send(\"Specify a board id\");\r\n      }\r\n      // TODO: Check auth\r\n    // Read the body from the request.\r\n    const body = request.body;\r\n\r\n    // Ensure the body has the necessary information\r\n    // In this case, we check if the body is of type note\r\n    if (!isBoardUser(body)) {\r\n      response.status(400).send(\"Bad body in request.\");\r\n      return;\r\n    }\r\n    //add note at board with board_id\r\n    const snapshot = await admin.firestore().collection('boards').doc(String(board_id)).collection('users').add(body);\r\n    \r\n    // Send back a message that we've successfully written the message\r\n    if (snapshot)\r\n      response.status(201).send(`Messageasdfg with ID: ${snapshot.id} added.`);\r\n  });\r\n});\r\nexport const deleteUserFromBoard = functions.https.onRequest(async (request, response) => {\r\n  // you need corsHandler to allow requests from localhost and the deployed website,\r\n  // so you don't get a CORS error.\r\n  corsHandler(request, response, async () => {\r\n    if (request.method !== \"DELETE\")\r\n      response.status(400).send(\"Bad method. Use DELETE\");\r\n\r\n    const user_id = request.query.user_id\r\n    if(!user_id){\r\n      response.status(400).send(\"Specify a user id\");\r\n    }\r\n    const board_id = request.query.board_id\r\n    if(!board_id){\r\n      response.status(400).send(\"Specify a board id\");\r\n    }\r\n    // TODO: Check auth\r\n\r\n    // Get the note based on the request parameters\r\n    const snapshot = await admin.firestore().collection('boards').doc(String(board_id)).collection('users').doc(String(user_id));\r\n    \r\n    // delete the note (if found) and send back a response\r\n    if ((await snapshot.get()).exists){\r\n      snapshot.delete();\r\n      response.send(`User with ID: ${user_id} is removed.`);\r\n    }\r\n    else \r\n      response.status(400).send(\"User Not Found\");\r\n  });\r\n});\r\nexport const editUserFromBoard = functions.https.onRequest(async (request, response) => {\r\n  // you need corsHandler to allow requests from localhost and the deployed website,\r\n  // so you don't get a CORS error.\r\n  corsHandler(request, response, async () => {\r\n    if (request.method !== \"PUT\")\r\n      response.status(400).send(\"Bad method. Use PUT\");\r\n\r\n    const board_id = request.query.board_id\r\n    if(!board_id){\r\n      response.status(400).send(\"Specify a board id\");\r\n    }\r\n    const user_id = request.query.user_id\r\n    if(!user_id){\r\n      response.status(400).send(\"Specify a user id\");\r\n    }\r\n\r\n    const body = request.body;\r\n\r\n    // Ensure the body has the necessary information\r\n    // In this case, we check if the body is of type\r\n    if (!isBoardUser(body)) {\r\n      response.status(400).send(\"Bad body in request.\");\r\n      return;\r\n    }\r\n    // TODO: Check auth\r\n\r\n    // Push the new message into Firestore using the Firebase Admin SDK.\r\n    const snapshot = await admin.firestore().collection('boards').doc(String(board_id)).collection('users').doc(String(user_id));\r\n    \r\n    //edit the board (if found) and send a response message\r\n    if ((await snapshot.get()).exists){\r\n      snapshot.set(body);\r\n      response.send(`Board with ID: ${board_id} is updated.`);\r\n    }else \r\n      response.status(400).send(\"Board Not Found\");\r\n  });\r\n});\r\n\r\nexport const getBoardUsers = functions.https.onRequest(async (request, response) => {\r\n  // you need corsHandler to allow requests from localhost and the deployed website,\r\n  // so you don't get a CORS error.\r\n  corsHandler(request, response, async () => {\r\n    // Check HTTP method\r\n    if (request.method !== \"GET\")\r\n      response.status(400).send(\"Bad method. Use GET\");\r\n\r\n      const board_id = request.query.board_id\r\n      if(!board_id){\r\n        response.status(400).send(\"Specify a board id\");\r\n      }\r\n      // TODO: Check auth\r\n    // Read the body from the request.\r\n    \r\n    //add note at board with board_id\r\n    const snapshot = await admin.firestore().collection('boards').doc(String(board_id)).collection('users').get();\r\n    \r\n    // Send back a message that we've successfully written the message\r\n    if (snapshot)\r\n    response.status(200).json({ users: snapshot.docs.map((doc) => ({ UserBoardId: doc.id, ...doc.data() })) });\r\n  });\r\n});\r\n\r\nexport const testingDeleteBoard = async (id: string) => {\r\n  const snapshot = await admin\r\n        .firestore()\r\n        .collection(\"boards\")\r\n        .doc(String(id));\r\n\r\n      if ((await snapshot.get()).exists) {\r\n        snapshot.delete();\r\n      }\r\n}"]},"_coverageSchema":"1a1c01bbd47fc00a2c39e90264f33305004495a9","hash":"574e56652afd54551631d4c5a42c1b86cdef85c9","contentHash":"597de9f7e7a6d8459951c063d1b2e96f56d8d1182076e9ac0a2ac4fbf6ec2e5c"},"C:\\Users\\ahmed\\OneDrive\\Desktop\\bulletin\\functions\\src\\cors.ts":{"path":"C:\\Users\\ahmed\\OneDrive\\Desktop\\bulletin\\functions\\src\\cors.ts","statementMap":{"0":{"start":{"line":2,"column":0},"end":{"line":2,"column":62}},"1":{"start":{"line":3,"column":13},"end":{"line":3,"column":28}},"2":{"start":{"line":4,"column":16},"end":{"line":6,"column":1}},"3":{"start":{"line":7,"column":20},"end":{"line":7,"column":33}},"4":{"start":{"line":8,"column":0},"end":{"line":8,"column":30}}},"fnMap":{},"branchMap":{},"s":{"0":1,"1":1,"2":1,"3":1,"4":1},"f":{},"b":{},"inputSourceMap":{"version":3,"file":"C:/Users/ahmed/OneDrive/Desktop/bulletin/functions/src/cors.ts","sources":["C:/Users/ahmed/OneDrive/Desktop/bulletin/functions/src/cors.ts"],"names":[],"mappings":";;AAAA,6BAA6B;AAE7B,MAAM,OAAO,GAAG;IACd,MAAM,EAAE,CAAC,uBAAuB,EAAE,gCAAgC,CAAC;CACpE,CAAC;AAEF,MAAM,WAAW,GAAG,IAAI,CAAC,OAAO,CAAC,CAAC;AAElC,kBAAe,WAAW,CAAC","sourcesContent":["import * as cors from \"cors\";\r\n\r\nconst options = {\r\n  origin: [\"http://localhost:3000\", \"https://bulletin-be82d.web.app\"],\r\n};\r\n\r\nconst corsHandler = cors(options);\r\n\r\nexport default corsHandler;\r\n"]},"_coverageSchema":"1a1c01bbd47fc00a2c39e90264f33305004495a9","hash":"abbdbea907450b6284fec1e40f8927249a305153","contentHash":"cac555aae7c3964b791d4efde814550248fd4d0ba1e0270fbf89bbbf3ba6ef11"},"C:\\Users\\ahmed\\OneDrive\\Desktop\\bulletin\\functions\\src\\firebase.ts":{"path":"C:\\Users\\ahmed\\OneDrive\\Desktop\\bulletin\\functions\\src\\firebase.ts","statementMap":{"0":{"start":{"line":2,"column":0},"end":{"line":2,"column":62}},"1":{"start":{"line":3,"column":0},"end":{"line":3,"column":43}},"2":{"start":{"line":4,"column":14},"end":{"line":4,"column":39}},"3":{"start":{"line":5,"column":0},"end":{"line":5,"column":22}},"4":{"start":{"line":6,"column":18},"end":{"line":6,"column":47}},"5":{"start":{"line":7,"column":0},"end":{"line":7,"column":30}},"6":{"start":{"line":8,"column":0},"end":{"line":8,"column":22}}},"fnMap":{},"branchMap":{},"s":{"0":1,"1":1,"2":1,"3":1,"4":1,"5":1,"6":1},"f":{},"b":{},"inputSourceMap":{"version":3,"file":"C:/Users/ahmed/OneDrive/Desktop/bulletin/functions/src/firebase.ts","sources":["C:/Users/ahmed/OneDrive/Desktop/bulletin/functions/src/firebase.ts"],"names":[],"mappings":";;;AAAA,wCAAwC;AAK/B,sBAAK;AAJd,gDAAgD;AAIhC,8BAAS;AAFzB,KAAK,CAAC,aAAa,EAAE,CAAC","sourcesContent":["import * as admin from \"firebase-admin\";\r\nimport * as functions from \"firebase-functions\";\r\n\r\nadmin.initializeApp();\r\n\r\nexport { admin, functions };\r\n"]},"_coverageSchema":"1a1c01bbd47fc00a2c39e90264f33305004495a9","hash":"d771359446ed36d542b77b4b97108142dee55370","contentHash":"a973db39ab260a0b4751f6f7f951c84adebbf9eb1d189e2a2846aecda4cc3289"},"C:\\Users\\ahmed\\OneDrive\\Desktop\\bulletin\\functions\\src\\typeguards\\board.ts":{"path":"C:\\Users\\ahmed\\OneDrive\\Desktop\\bulletin\\functions\\src\\typeguards\\board.ts","statementMap":{"0":{"start":{"line":2,"column":0},"end":{"line":2,"column":62}},"1":{"start":{"line":3,"column":0},"end":{"line":3,"column":47}},"2":{"start":{"line":6,"column":16},"end":{"line":6,"column":19}},"3":{"start":{"line":7,"column":4},"end":{"line":15,"column":45}},"4":{"start":{"line":17,"column":0},"end":{"line":17,"column":26}},"5":{"start":{"line":20,"column":16},"end":{"line":20,"column":19}},"6":{"start":{"line":21,"column":4},"end":{"line":33,"column":38}},"7":{"start":{"line":35,"column":0},"end":{"line":35,"column":34}}},"fnMap":{"0":{"name":"isBoard","decl":{"start":{"line":4,"column":9},"end":{"line":4,"column":16}},"loc":{"start":{"line":4,"column":22},"end":{"line":16,"column":1}},"line":4},"1":{"name":"isBoardUser","decl":{"start":{"line":18,"column":9},"end":{"line":18,"column":20}},"loc":{"start":{"line":18,"column":26},"end":{"line":34,"column":1}},"line":18}},"branchMap":{"0":{"loc":{"start":{"line":9,"column":4},"end":{"line":15,"column":43}},"type":"binary-expr","locations":[{"start":{"line":9,"column":4},"end":{"line":9,"column":7}},{"start":{"line":11,"column":8},"end":{"line":11,"column":30}},{"start":{"line":12,"column":8},"end":{"line":12,"column":37}},{"start":{"line":14,"column":8},"end":{"line":14,"column":36}},{"start":{"line":15,"column":8},"end":{"line":15,"column":43}}],"line":9},"1":{"loc":{"start":{"line":23,"column":4},"end":{"line":33,"column":36}},"type":"binary-expr","locations":[{"start":{"line":23,"column":4},"end":{"line":23,"column":7}},{"start":{"line":25,"column":8},"end":{"line":25,"column":30}},{"start":{"line":26,"column":8},"end":{"line":26,"column":31}},{"start":{"line":27,"column":8},"end":{"line":27,"column":28}},{"start":{"line":28,"column":8},"end":{"line":28,"column":30}},{"start":{"line":30,"column":8},"end":{"line":30,"column":36}},{"start":{"line":31,"column":8},"end":{"line":31,"column":37}},{"start":{"line":32,"column":8},"end":{"line":32,"column":34}},{"start":{"line":33,"column":8},"end":{"line":33,"column":36}}],"line":23}},"s":{"0":1,"1":1,"2":74,"3":74,"4":1,"5":1,"6":1,"7":1},"f":{"0":74,"1":1},"b":{"0":[74,74,74,73,73],"1":[1,1,1,1,1,1,1,1,1]},"inputSourceMap":{"version":3,"file":"C:/Users/ahmed/OneDrive/Desktop/bulletin/functions/src/typeguards/board.ts","sources":["C:/Users/ahmed/OneDrive/Desktop/bulletin/functions/src/typeguards/board.ts"],"names":[],"mappings":";;;AAGA,SAAgB,OAAO,CAAC,GAAQ;IAC9B,kFAAkF;IAClF,MAAM,GAAG,GAAU,GAAG,CAAC;IAEvB,OAAO;IACL,+BAA+B;IAC/B,GAAG;QACH,2CAA2C;QAC3C,GAAG,CAAC,IAAI,KAAK,SAAS;QACtB,GAAG,CAAC,WAAW,KAAK,SAAS;QAC7B,6DAA6D;QAC7D,OAAO,GAAG,CAAC,IAAI,KAAK,QAAQ;QAC5B,OAAO,GAAG,CAAC,WAAW,KAAK,QAAQ,CAEpC,CAAC;AACJ,CAAC;AAfD,0BAeC;AACD,SAAgB,WAAW,CAAC,GAAQ;IAClC,kFAAkF;IAClF,MAAM,GAAG,GAAc,GAAG,CAAC;IAE3B,OAAO;IACL,+BAA+B;IAC/B,GAAG;QACH,2CAA2C;QAC3C,GAAG,CAAC,IAAI,KAAK,SAAS;QACtB,GAAG,CAAC,KAAK,KAAK,SAAS;QACvB,GAAG,CAAC,EAAE,KAAK,SAAS;QACpB,GAAG,CAAC,IAAI,KAAK,SAAS;QACtB,6DAA6D;QAC7D,OAAO,GAAG,CAAC,IAAI,KAAK,QAAQ;QAC5B,OAAO,GAAG,CAAC,KAAK,KAAK,QAAQ;QAC7B,OAAO,GAAG,CAAC,EAAE,KAAK,QAAQ;QAC1B,OAAO,GAAG,CAAC,IAAI,KAAK,QAAQ,CAE7B,CAAC;AACJ,CAAC;AAnBD,kCAmBC","sourcesContent":["import { Board} from \"../../../types\";\r\nimport { BoardUser} from \"../../../types\";\r\n\r\nexport function isBoard(arg: any): arg is Board {\r\n  // Try to cast arg (of type any) to obj (of type List), so we can use intellisense\r\n  const obj: Board = arg;\r\n\r\n  return (\r\n    // Check that the object exists\r\n    obj &&\r\n    // Check that the object's properties exist\r\n    obj.name !== undefined &&\r\n    obj.description !== undefined &&\r\n    // Check that the object's properties are of the correct type\r\n    typeof obj.name === \"string\" &&\r\n    typeof obj.description === \"string\"\r\n\r\n  );\r\n}\r\nexport function isBoardUser(arg: any): arg is BoardUser {\r\n  // Try to cast arg (of type any) to obj (of type List), so we can use intellisense\r\n  const obj: BoardUser = arg;\r\n\r\n  return (\r\n    // Check that the object exists\r\n    obj &&\r\n    // Check that the object's properties exist\r\n    obj.name !== undefined &&\r\n    obj.email !== undefined &&\r\n    obj.id !== undefined &&\r\n    obj.role !== undefined &&\r\n    // Check that the object's properties are of the correct type\r\n    typeof obj.name === \"string\" &&\r\n    typeof obj.email === \"string\" &&\r\n    typeof obj.id === \"string\" &&\r\n    typeof obj.role === \"string\"\r\n\r\n  );\r\n}\r\n"]},"_coverageSchema":"1a1c01bbd47fc00a2c39e90264f33305004495a9","hash":"d90f826ed0386b320e7da8ea475fe7edef6bb145","contentHash":"a7b596d2a17ced43b87f1227e2091c641a5eb0a340e28e543efdbc70888ea424"},"C:\\Users\\ahmed\\OneDrive\\Desktop\\bulletin\\functions\\src\\budget.ts":{"path":"C:\\Users\\ahmed\\OneDrive\\Desktop\\bulletin\\functions\\src\\budget.ts","statementMap":{"0":{"start":{"line":2,"column":0},"end":{"line":2,"column":62}},"1":{"start":{"line":3,"column":0},"end":{"line":3,"column":112}},"2":{"start":{"line":4,"column":15},"end":{"line":4,"column":32}},"3":{"start":{"line":5,"column":19},"end":{"line":5,"column":40}},"4":{"start":{"line":6,"column":17},"end":{"line":6,"column":47}},"5":{"start":{"line":11,"column":0},"end":{"line":32,"column":3}},"6":{"start":{"line":14,"column":4},"end":{"line":31,"column":7}},"7":{"start":{"line":15,"column":8},"end":{"line":16,"column":61}},"8":{"start":{"line":16,"column":12},"end":{"line":16,"column":61}},"9":{"start":{"line":18,"column":23},"end":{"line":18,"column":39}},"10":{"start":{"line":19,"column":8},"end":{"line":21,"column":9}},"11":{"start":{"line":20,"column":12},"end":{"line":20,"column":60}},"12":{"start":{"line":24,"column":25},"end":{"line":24,"column":130}},"13":{"start":{"line":26,"column":8},"end":{"line":30,"column":15}},"14":{"start":{"line":27,"column":12},"end":{"line":30,"column":15}},"15":{"start":{"line":28,"column":20},"end":{"line":28,"column":69}},"16":{"start":{"line":33,"column":0},"end":{"line":57,"column":3}},"17":{"start":{"line":36,"column":4},"end":{"line":56,"column":7}},"18":{"start":{"line":37,"column":8},"end":{"line":38,"column":61}},"19":{"start":{"line":38,"column":12},"end":{"line":38,"column":61}},"20":{"start":{"line":39,"column":26},"end":{"line":39,"column":49}},"21":{"start":{"line":40,"column":8},"end":{"line":42,"column":9}},"22":{"start":{"line":41,"column":12},"end":{"line":41,"column":61}},"23":{"start":{"line":43,"column":25},"end":{"line":43,"column":47}},"24":{"start":{"line":44,"column":8},"end":{"line":46,"column":9}},"25":{"start":{"line":45,"column":12},"end":{"line":45,"column":60}},"26":{"start":{"line":49,"column":25},"end":{"line":49,"column":130}},"27":{"start":{"line":50,"column":26},"end":{"line":50,"column":87}},"28":{"start":{"line":50,"column":61},"end":{"line":50,"column":85}},"29":{"start":{"line":52,"column":8},"end":{"line":55,"column":58}},"30":{"start":{"line":53,"column":12},"end":{"line":53,"column":86}},"31":{"start":{"line":53,"column":71},"end":{"line":53,"column":81}},"32":{"start":{"line":55,"column":12},"end":{"line":55,"column":58}},"33":{"start":{"line":62,"column":0},"end":{"line":87,"column":3}},"34":{"start":{"line":64,"column":4},"end":{"line":86,"column":7}},"35":{"start":{"line":66,"column":8},"end":{"line":67,"column":62}},"36":{"start":{"line":67,"column":12},"end":{"line":67,"column":62}},"37":{"start":{"line":68,"column":23},"end":{"line":68,"column":39}},"38":{"start":{"line":69,"column":8},"end":{"line":71,"column":9}},"39":{"start":{"line":70,"column":12},"end":{"line":70,"column":55}},"40":{"start":{"line":74,"column":21},"end":{"line":74,"column":33}},"41":{"start":{"line":77,"column":8},"end":{"line":80,"column":9}},"42":{"start":{"line":78,"column":12},"end":{"line":78,"column":62}},"43":{"start":{"line":79,"column":12},"end":{"line":79,"column":19}},"44":{"start":{"line":82,"column":25},"end":{"line":82,"column":134}},"45":{"start":{"line":84,"column":8},"end":{"line":85,"column":59}},"46":{"start":{"line":85,"column":12},"end":{"line":85,"column":59}},"47":{"start":{"line":88,"column":0},"end":{"line":113,"column":3}},"48":{"start":{"line":91,"column":4},"end":{"line":112,"column":7}},"49":{"start":{"line":92,"column":8},"end":{"line":93,"column":64}},"50":{"start":{"line":93,"column":12},"end":{"line":93,"column":64}},"51":{"start":{"line":94,"column":26},"end":{"line":94,"column":49}},"52":{"start":{"line":95,"column":8},"end":{"line":97,"column":9}},"53":{"start":{"line":96,"column":12},"end":{"line":96,"column":61}},"54":{"start":{"line":98,"column":25},"end":{"line":98,"column":47}},"55":{"start":{"line":99,"column":8},"end":{"line":101,"column":9}},"56":{"start":{"line":100,"column":12},"end":{"line":100,"column":60}},"57":{"start":{"line":104,"column":25},"end":{"line":104,"column":147}},"58":{"start":{"line":106,"column":8},"end":{"line":111,"column":58}},"59":{"start":{"line":107,"column":12},"end":{"line":107,"column":30}},"60":{"start":{"line":108,"column":12},"end":{"line":108,"column":82}},"61":{"start":{"line":111,"column":12},"end":{"line":111,"column":58}},"62":{"start":{"line":114,"column":0},"end":{"line":146,"column":3}},"63":{"start":{"line":117,"column":4},"end":{"line":145,"column":7}},"64":{"start":{"line":118,"column":8},"end":{"line":119,"column":61}},"65":{"start":{"line":119,"column":12},"end":{"line":119,"column":61}},"66":{"start":{"line":120,"column":26},"end":{"line":120,"column":49}},"67":{"start":{"line":121,"column":8},"end":{"line":123,"column":9}},"68":{"start":{"line":122,"column":12},"end":{"line":122,"column":61}},"69":{"start":{"line":124,"column":25},"end":{"line":124,"column":47}},"70":{"start":{"line":125,"column":8},"end":{"line":127,"column":9}},"71":{"start":{"line":126,"column":12},"end":{"line":126,"column":60}},"72":{"start":{"line":128,"column":21},"end":{"line":128,"column":33}},"73":{"start":{"line":131,"column":8},"end":{"line":134,"column":9}},"74":{"start":{"line":132,"column":12},"end":{"line":132,"column":62}},"75":{"start":{"line":133,"column":12},"end":{"line":133,"column":19}},"76":{"start":{"line":137,"column":25},"end":{"line":137,"column":147}},"77":{"start":{"line":139,"column":8},"end":{"line":144,"column":58}},"78":{"start":{"line":140,"column":12},"end":{"line":140,"column":31}},"79":{"start":{"line":141,"column":12},"end":{"line":141,"column":82}},"80":{"start":{"line":144,"column":12},"end":{"line":144,"column":58}}},"fnMap":{"0":{"name":"(anonymous_0)","decl":{"start":{"line":11,"column":58},"end":{"line":11,"column":59}},"loc":{"start":{"line":11,"column":87},"end":{"line":32,"column":1}},"line":11},"1":{"name":"(anonymous_1)","decl":{"start":{"line":14,"column":38},"end":{"line":14,"column":39}},"loc":{"start":{"line":14,"column":50},"end":{"line":31,"column":5}},"line":14},"2":{"name":"(anonymous_2)","decl":{"start":{"line":27,"column":67},"end":{"line":27,"column":68}},"loc":{"start":{"line":27,"column":76},"end":{"line":29,"column":17}},"line":27},"3":{"name":"(anonymous_3)","decl":{"start":{"line":33,"column":57},"end":{"line":33,"column":58}},"loc":{"start":{"line":33,"column":86},"end":{"line":57,"column":1}},"line":33},"4":{"name":"(anonymous_4)","decl":{"start":{"line":36,"column":38},"end":{"line":36,"column":39}},"loc":{"start":{"line":36,"column":50},"end":{"line":56,"column":5}},"line":36},"5":{"name":"(anonymous_5)","decl":{"start":{"line":50,"column":47},"end":{"line":50,"column":48}},"loc":{"start":{"line":50,"column":61},"end":{"line":50,"column":85}},"line":50},"6":{"name":"(anonymous_6)","decl":{"start":{"line":53,"column":62},"end":{"line":53,"column":63}},"loc":{"start":{"line":53,"column":71},"end":{"line":53,"column":81}},"line":53},"7":{"name":"(anonymous_7)","decl":{"start":{"line":62,"column":57},"end":{"line":62,"column":58}},"loc":{"start":{"line":62,"column":86},"end":{"line":87,"column":1}},"line":62},"8":{"name":"(anonymous_8)","decl":{"start":{"line":64,"column":38},"end":{"line":64,"column":39}},"loc":{"start":{"line":64,"column":50},"end":{"line":86,"column":5}},"line":64},"9":{"name":"(anonymous_9)","decl":{"start":{"line":88,"column":60},"end":{"line":88,"column":61}},"loc":{"start":{"line":88,"column":89},"end":{"line":113,"column":1}},"line":88},"10":{"name":"(anonymous_10)","decl":{"start":{"line":91,"column":38},"end":{"line":91,"column":39}},"loc":{"start":{"line":91,"column":50},"end":{"line":112,"column":5}},"line":91},"11":{"name":"(anonymous_11)","decl":{"start":{"line":114,"column":58},"end":{"line":114,"column":59}},"loc":{"start":{"line":114,"column":87},"end":{"line":146,"column":1}},"line":114},"12":{"name":"(anonymous_12)","decl":{"start":{"line":117,"column":38},"end":{"line":117,"column":39}},"loc":{"start":{"line":117,"column":50},"end":{"line":145,"column":5}},"line":117}},"branchMap":{"0":{"loc":{"start":{"line":15,"column":8},"end":{"line":16,"column":61}},"type":"if","locations":[{"start":{"line":15,"column":8},"end":{"line":16,"column":61}},{"start":{"line":15,"column":8},"end":{"line":16,"column":61}}],"line":15},"1":{"loc":{"start":{"line":19,"column":8},"end":{"line":21,"column":9}},"type":"if","locations":[{"start":{"line":19,"column":8},"end":{"line":21,"column":9}},{"start":{"line":19,"column":8},"end":{"line":21,"column":9}}],"line":19},"2":{"loc":{"start":{"line":26,"column":8},"end":{"line":30,"column":15}},"type":"if","locations":[{"start":{"line":26,"column":8},"end":{"line":30,"column":15}},{"start":{"line":26,"column":8},"end":{"line":30,"column":15}}],"line":26},"3":{"loc":{"start":{"line":37,"column":8},"end":{"line":38,"column":61}},"type":"if","locations":[{"start":{"line":37,"column":8},"end":{"line":38,"column":61}},{"start":{"line":37,"column":8},"end":{"line":38,"column":61}}],"line":37},"4":{"loc":{"start":{"line":40,"column":8},"end":{"line":42,"column":9}},"type":"if","locations":[{"start":{"line":40,"column":8},"end":{"line":42,"column":9}},{"start":{"line":40,"column":8},"end":{"line":42,"column":9}}],"line":40},"5":{"loc":{"start":{"line":44,"column":8},"end":{"line":46,"column":9}},"type":"if","locations":[{"start":{"line":44,"column":8},"end":{"line":46,"column":9}},{"start":{"line":44,"column":8},"end":{"line":46,"column":9}}],"line":44},"6":{"loc":{"start":{"line":52,"column":8},"end":{"line":55,"column":58}},"type":"if","locations":[{"start":{"line":52,"column":8},"end":{"line":55,"column":58}},{"start":{"line":52,"column":8},"end":{"line":55,"column":58}}],"line":52},"7":{"loc":{"start":{"line":66,"column":8},"end":{"line":67,"column":62}},"type":"if","locations":[{"start":{"line":66,"column":8},"end":{"line":67,"column":62}},{"start":{"line":66,"column":8},"end":{"line":67,"column":62}}],"line":66},"8":{"loc":{"start":{"line":69,"column":8},"end":{"line":71,"column":9}},"type":"if","locations":[{"start":{"line":69,"column":8},"end":{"line":71,"column":9}},{"start":{"line":69,"column":8},"end":{"line":71,"column":9}}],"line":69},"9":{"loc":{"start":{"line":77,"column":8},"end":{"line":80,"column":9}},"type":"if","locations":[{"start":{"line":77,"column":8},"end":{"line":80,"column":9}},{"start":{"line":77,"column":8},"end":{"line":80,"column":9}}],"line":77},"10":{"loc":{"start":{"line":84,"column":8},"end":{"line":85,"column":59}},"type":"if","locations":[{"start":{"line":84,"column":8},"end":{"line":85,"column":59}},{"start":{"line":84,"column":8},"end":{"line":85,"column":59}}],"line":84},"11":{"loc":{"start":{"line":92,"column":8},"end":{"line":93,"column":64}},"type":"if","locations":[{"start":{"line":92,"column":8},"end":{"line":93,"column":64}},{"start":{"line":92,"column":8},"end":{"line":93,"column":64}}],"line":92},"12":{"loc":{"start":{"line":95,"column":8},"end":{"line":97,"column":9}},"type":"if","locations":[{"start":{"line":95,"column":8},"end":{"line":97,"column":9}},{"start":{"line":95,"column":8},"end":{"line":97,"column":9}}],"line":95},"13":{"loc":{"start":{"line":99,"column":8},"end":{"line":101,"column":9}},"type":"if","locations":[{"start":{"line":99,"column":8},"end":{"line":101,"column":9}},{"start":{"line":99,"column":8},"end":{"line":101,"column":9}}],"line":99},"14":{"loc":{"start":{"line":106,"column":8},"end":{"line":111,"column":58}},"type":"if","locations":[{"start":{"line":106,"column":8},"end":{"line":111,"column":58}},{"start":{"line":106,"column":8},"end":{"line":111,"column":58}}],"line":106},"15":{"loc":{"start":{"line":118,"column":8},"end":{"line":119,"column":61}},"type":"if","locations":[{"start":{"line":118,"column":8},"end":{"line":119,"column":61}},{"start":{"line":118,"column":8},"end":{"line":119,"column":61}}],"line":118},"16":{"loc":{"start":{"line":121,"column":8},"end":{"line":123,"column":9}},"type":"if","locations":[{"start":{"line":121,"column":8},"end":{"line":123,"column":9}},{"start":{"line":121,"column":8},"end":{"line":123,"column":9}}],"line":121},"17":{"loc":{"start":{"line":125,"column":8},"end":{"line":127,"column":9}},"type":"if","locations":[{"start":{"line":125,"column":8},"end":{"line":127,"column":9}},{"start":{"line":125,"column":8},"end":{"line":127,"column":9}}],"line":125},"18":{"loc":{"start":{"line":131,"column":8},"end":{"line":134,"column":9}},"type":"if","locations":[{"start":{"line":131,"column":8},"end":{"line":134,"column":9}},{"start":{"line":131,"column":8},"end":{"line":134,"column":9}}],"line":131},"19":{"loc":{"start":{"line":139,"column":8},"end":{"line":144,"column":58}},"type":"if","locations":[{"start":{"line":139,"column":8},"end":{"line":144,"column":58}},{"start":{"line":139,"column":8},"end":{"line":144,"column":58}}],"line":139}},"s":{"0":1,"1":1,"2":1,"3":1,"4":1,"5":1,"6":3,"7":3,"8":1,"9":2,"10":2,"11":1,"12":1,"13":1,"14":1,"15":0,"16":1,"17":0,"18":0,"19":0,"20":0,"21":0,"22":0,"23":0,"24":0,"25":0,"26":0,"27":0,"28":0,"29":0,"30":0,"31":0,"32":0,"33":1,"34":9,"35":9,"36":1,"37":8,"38":8,"39":1,"40":7,"41":7,"42":0,"43":0,"44":7,"45":7,"46":7,"47":1,"48":3,"49":3,"50":1,"51":2,"52":2,"53":1,"54":1,"55":1,"56":0,"57":1,"58":1,"59":1,"60":1,"61":0,"62":1,"63":3,"64":3,"65":1,"66":2,"67":2,"68":1,"69":1,"70":1,"71":0,"72":1,"73":1,"74":0,"75":0,"76":1,"77":1,"78":1,"79":1,"80":0},"f":{"0":3,"1":3,"2":0,"3":0,"4":0,"5":0,"6":0,"7":9,"8":9,"9":3,"10":3,"11":3,"12":3},"b":{"0":[1,2],"1":[1,1],"2":[1,0],"3":[0,0],"4":[0,0],"5":[0,0],"6":[0,0],"7":[1,8],"8":[1,7],"9":[0,7],"10":[7,0],"11":[1,2],"12":[1,1],"13":[0,1],"14":[1,0],"15":[1,2],"16":[1,1],"17":[0,1],"18":[0,1],"19":[1,0]},"inputSourceMap":{"version":3,"file":"C:/Users/ahmed/OneDrive/Desktop/bulletin/functions/src/budget.ts","sources":["C:/Users/ahmed/OneDrive/Desktop/bulletin/functions/src/budget.ts"],"names":[],"mappings":";;;AAAA,iCAAiC;AACjC,yCAA8C;AAC9C,gDAA+C;AAE/C;;;GAGG;AACU,QAAA,UAAU,GAAG,oBAAS,CAAC,KAAK,CAAC,SAAS,CAAC,KAAK,EAAE,OAAO,EAAE,QAAQ,EAAE,EAAE;IAC9E,kFAAkF;IAClF,iCAAiC;IACjC,cAAW,CAAC,OAAO,EAAE,QAAQ,EAAE,KAAK,IAAI,EAAE;QACxC,IAAI,OAAO,CAAC,MAAM,KAAK,KAAK;YAC1B,QAAQ,CAAC,MAAM,CAAC,GAAG,CAAC,CAAC,IAAI,CAAC,qBAAqB,CAAC,CAAC;QAEnD,mBAAmB;QACnB,IAAI,QAAQ,GAAG,OAAO,CAAC,KAAK,CAAC,EAAE,CAAA;QAC/B,IAAG,CAAC,QAAQ,EAAC;YACX,QAAQ,CAAC,MAAM,CAAC,GAAG,CAAC,CAAC,IAAI,CAAC,oBAAoB,CAAC,CAAC;SACjD;QACD,mBAAmB;QAEnB,oEAAoE;QACpE,MAAM,QAAQ,GAAG,MAAM,gBAAK,CAAC,SAAS,EAAE,CAAC,UAAU,CAAC,QAAQ,CAAC,CAAC,GAAG,CAAC,MAAM,CAAC,QAAQ,CAAC,CAAC,CAAC,UAAU,CAAC,SAAS,CAAC,CAAC,GAAG,EAAE,CAAC;QAEhH,kEAAkE;QAClE,IAAI,QAAQ;YACV,QAAQ,CAAC,MAAM,CAAC,GAAG,CAAC,CAAC,IAAI,CAAC,EAAE,OAAO,EAAE,QAAQ,CAAC,IAAI,CAAC,GAAG,CACpD,CAAC,GAAG,EAAE,EAAE;oBACR,uBAAQ,EAAE,EAAE,GAAG,CAAC,EAAE,IAAK,GAAG,CAAC,IAAI,EAAE,EAAC;gBACpC,CAAC,CACA;aACF,CAAC,CAAC;IACL,CAAC,CAAC,CAAC;AACL,CAAC,CAAC,CAAC;AAEU,QAAA,SAAS,GAAG,oBAAS,CAAC,KAAK,CAAC,SAAS,CAAC,KAAK,EAAE,OAAO,EAAE,QAAQ,EAAE,EAAE;IAC7E,kFAAkF;IAClF,iCAAiC;IACjC,cAAW,CAAC,OAAO,EAAE,QAAQ,EAAE,KAAK,IAAI,EAAE;QACxC,IAAI,OAAO,CAAC,MAAM,KAAK,KAAK;YAC1B,QAAQ,CAAC,MAAM,CAAC,GAAG,CAAC,CAAC,IAAI,CAAC,qBAAqB,CAAC,CAAC;QAEnD,MAAM,SAAS,GAAG,OAAO,CAAC,KAAK,CAAC,SAAS,CAAA;QACzC,IAAG,CAAC,SAAS,EAAC;YACZ,QAAQ,CAAC,MAAM,CAAC,GAAG,CAAC,CAAC,IAAI,CAAC,qBAAqB,CAAC,CAAC;SAClD;QACD,MAAM,QAAQ,GAAG,OAAO,CAAC,KAAK,CAAC,QAAQ,CAAA;QACvC,IAAG,CAAC,QAAQ,EAAC;YACX,QAAQ,CAAC,MAAM,CAAC,GAAG,CAAC,CAAC,IAAI,CAAC,oBAAoB,CAAC,CAAC;SACjD;QACD,mBAAmB;QAEnB,oEAAoE;QACpE,MAAM,QAAQ,GAAG,MAAM,gBAAK,CAAC,SAAS,EAAE,CAAC,UAAU,CAAC,QAAQ,CAAC,CAAC,GAAG,CAAC,MAAM,CAAC,QAAQ,CAAC,CAAC,CAAC,UAAU,CAAC,SAAS,CAAC,CAAC,GAAG,EAAE,CAAC;QAChH,MAAM,SAAS,GAAG,QAAQ,CAAC,IAAI,CAAC,MAAM,CAAC,CAAC,OAAO,EAAE,EAAE,CAAC,CAAC,OAAO,CAAC,EAAE,KAAK,SAAS,CAAC,CAAC,CAAA;QAE/E,kEAAkE;QAClE,IAAI,SAAS;YACX,QAAQ,CAAC,MAAM,CAAC,GAAG,CAAC,CAAC,IAAI,CAAC,EAAE,MAAM,EAAE,SAAS,CAAC,GAAG,CAAC,CAAC,GAAG,EAAE,EAAE,CAAC,GAAG,CAAC,IAAI,EAAE,CAAC,EAAE,CAAC,CAAC;;YAE1E,QAAQ,CAAC,MAAM,CAAC,GAAG,CAAC,CAAC,IAAI,CAAC,kBAAkB,CAAC,CAAC;IAClD,CAAC,CAAC,CAAC;AACL,CAAC,CAAC,CAAC;AAEH;;;GAGG;AACU,QAAA,SAAS,GAAG,oBAAS,CAAC,KAAK,CAAC,SAAS,CAAC,KAAK,EAAE,OAAO,EAAE,QAAQ,EAAE,EAAE;IAC7E,kFAAkF;IAClF,cAAW,CAAC,OAAO,EAAE,QAAQ,EAAE,KAAK,IAAI,EAAE;QACxC,oBAAoB;QACpB,IAAI,OAAO,CAAC,MAAM,KAAK,MAAM;YAC3B,QAAQ,CAAC,MAAM,CAAC,GAAG,CAAC,CAAC,IAAI,CAAC,sBAAsB,CAAC,CAAC;QAElD,IAAI,QAAQ,GAAG,OAAO,CAAC,KAAK,CAAC,EAAE,CAAA;QAC/B,IAAG,CAAC,QAAQ,EAAC;YACX,QAAQ,CAAC,MAAM,CAAC,GAAG,CAAC,CAAC,IAAI,CAAC,eAAe,CAAC,CAAC;SAC5C;QACD,mBAAmB;QACrB,kCAAkC;QAClC,MAAM,IAAI,GAAG,OAAO,CAAC,IAAI,CAAC;QAE1B,gDAAgD;QAChD,uDAAuD;QACvD,IAAI,CAAC,iBAAQ,CAAC,IAAI,CAAC,EAAE;YACnB,QAAQ,CAAC,MAAM,CAAC,GAAG,CAAC,CAAC,IAAI,CAAC,sBAAsB,CAAC,CAAC;YAClD,OAAO;SACR;QACD,iCAAiC;QACjC,MAAM,QAAQ,GAAG,MAAM,gBAAK,CAAC,SAAS,EAAE,CAAC,UAAU,CAAC,QAAQ,CAAC,CAAC,GAAG,CAAC,MAAM,CAAC,QAAQ,CAAC,CAAC,CAAC,UAAU,CAAC,SAAS,CAAC,CAAC,GAAG,CAAC,IAAI,CAAC,CAAC;QAEpH,kEAAkE;QAClE,IAAI,QAAQ;YACV,QAAQ,CAAC,MAAM,CAAC,GAAG,CAAC,CAAC,IAAI,CAAC,EAAC,EAAE,EAAE,QAAQ,CAAC,EAAE,EAAC,CAAC,CAAC;IACjD,CAAC,CAAC,CAAC;AACL,CAAC,CAAC,CAAC;AACU,QAAA,YAAY,GAAG,oBAAS,CAAC,KAAK,CAAC,SAAS,CAAC,KAAK,EAAE,OAAO,EAAE,QAAQ,EAAE,EAAE;IAChF,kFAAkF;IAClF,iCAAiC;IACjC,cAAW,CAAC,OAAO,EAAE,QAAQ,EAAE,KAAK,IAAI,EAAE;QACxC,IAAI,OAAO,CAAC,MAAM,KAAK,QAAQ;YAC7B,QAAQ,CAAC,MAAM,CAAC,GAAG,CAAC,CAAC,IAAI,CAAC,wBAAwB,CAAC,CAAC;QAEtD,MAAM,SAAS,GAAG,OAAO,CAAC,KAAK,CAAC,SAAS,CAAA;QACzC,IAAG,CAAC,SAAS,EAAC;YACZ,QAAQ,CAAC,MAAM,CAAC,GAAG,CAAC,CAAC,IAAI,CAAC,qBAAqB,CAAC,CAAC;SAClD;QACD,MAAM,QAAQ,GAAG,OAAO,CAAC,KAAK,CAAC,QAAQ,CAAA;QACvC,IAAG,CAAC,QAAQ,EAAC;YACX,QAAQ,CAAC,MAAM,CAAC,GAAG,CAAC,CAAC,IAAI,CAAC,oBAAoB,CAAC,CAAC;SACjD;QACD,mBAAmB;QAEnB,iDAAiD;QACjD,MAAM,QAAQ,GAAG,MAAM,gBAAK,CAAC,SAAS,EAAE,CAAC,UAAU,CAAC,QAAQ,CAAC,CAAC,GAAG,CAAC,MAAM,CAAC,QAAQ,CAAC,CAAC,CAAC,UAAU,CAAC,SAAS,CAAC,CAAC,GAAG,CAAC,MAAM,CAAC,SAAS,CAAC,CAAC,CAAC;QAEjI,0DAA0D;QAC1D,IAAI,CAAC,MAAM,QAAQ,CAAC,GAAG,EAAE,CAAC,CAAC,MAAM,EAAC;YAChC,QAAQ,CAAC,MAAM,EAAE,CAAC;YAClB,QAAQ,CAAC,MAAM,CAAC,GAAG,CAAC,CAAC,IAAI,CAAC,mBAAmB,SAAS,cAAc,CAAC,CAAC;SACvE;;YACC,QAAQ,CAAC,MAAM,CAAC,GAAG,CAAC,CAAC,IAAI,CAAC,kBAAkB,CAAC,CAAC;IAClD,CAAC,CAAC,CAAC;AACL,CAAC,CAAC,CAAC;AACU,QAAA,UAAU,GAAG,oBAAS,CAAC,KAAK,CAAC,SAAS,CAAC,KAAK,EAAE,OAAO,EAAE,QAAQ,EAAE,EAAE;IAC9E,kFAAkF;IAClF,iCAAiC;IACjC,cAAW,CAAC,OAAO,EAAE,QAAQ,EAAE,KAAK,IAAI,EAAE;QACxC,IAAI,OAAO,CAAC,MAAM,KAAK,KAAK;YAC1B,QAAQ,CAAC,MAAM,CAAC,GAAG,CAAC,CAAC,IAAI,CAAC,qBAAqB,CAAC,CAAC;QAEnD,MAAM,SAAS,GAAG,OAAO,CAAC,KAAK,CAAC,SAAS,CAAA;QACzC,IAAG,CAAC,SAAS,EAAC;YACZ,QAAQ,CAAC,MAAM,CAAC,GAAG,CAAC,CAAC,IAAI,CAAC,qBAAqB,CAAC,CAAC;SAClD;QACD,MAAM,QAAQ,GAAG,OAAO,CAAC,KAAK,CAAC,QAAQ,CAAA;QACvC,IAAG,CAAC,QAAQ,EAAC;YACX,QAAQ,CAAC,MAAM,CAAC,GAAG,CAAC,CAAC,IAAI,CAAC,oBAAoB,CAAC,CAAC;SACjD;QAED,MAAM,IAAI,GAAG,OAAO,CAAC,IAAI,CAAC;QAE1B,gDAAgD;QAChD,gDAAgD;QAChD,IAAI,CAAC,iBAAQ,CAAC,IAAI,CAAC,EAAE;YACnB,QAAQ,CAAC,MAAM,CAAC,GAAG,CAAC,CAAC,IAAI,CAAC,sBAAsB,CAAC,CAAC;YAClD,OAAO;SACR;QACD,mBAAmB;QAEnB,iDAAiD;QACjD,MAAM,QAAQ,GAAG,MAAM,gBAAK,CAAC,SAAS,EAAE,CAAC,UAAU,CAAC,QAAQ,CAAC,CAAC,GAAG,CAAC,MAAM,CAAC,QAAQ,CAAC,CAAC,CAAC,UAAU,CAAC,SAAS,CAAC,CAAC,GAAG,CAAC,MAAM,CAAC,SAAS,CAAC,CAAC,CAAC;QAEjI,wDAAwD;QACxD,IAAI,CAAC,MAAM,QAAQ,CAAC,GAAG,EAAE,CAAC,CAAC,MAAM,EAAC;YAChC,QAAQ,CAAC,GAAG,CAAC,IAAI,CAAC,CAAC;YACnB,QAAQ,CAAC,MAAM,CAAC,GAAG,CAAC,CAAC,IAAI,CAAC,mBAAmB,SAAS,cAAc,CAAC,CAAC;SACvE;;YACC,QAAQ,CAAC,MAAM,CAAC,GAAG,CAAC,CAAC,IAAI,CAAC,kBAAkB,CAAC,CAAC;IAClD,CAAC,CAAC,CAAC;AACL,CAAC,CAAC,CAAC","sourcesContent":["import corsHandler from \"./cors\";\r\nimport { admin, functions } from \"./firebase\";\r\nimport { isBudget } from \"./typeguards/budget\";\r\n\r\n/**\r\n * Gets all budgets from firestore, under the path /budgets, and returns it as a json\r\n * object in the response's body\r\n */\r\nexport const getBudgets = functions.https.onRequest(async (request, response) => {\r\n  // you need corsHandler to allow requests from localhost and the deployed website,\r\n  // so you don't get a CORS error.\r\n  corsHandler(request, response, async () => {\r\n    if (request.method !== \"GET\")\r\n      response.status(400).send(\"Bad method. Use GET\");\r\n\r\n    // TODO: Check auth\r\n    var board_id = request.query.id\r\n    if(!board_id){\r\n      response.status(400).send(\"Specify a board id\");\r\n    }\r\n    // TODO: Check auth\r\n \r\n    // Push the new message into Firestore using the Firebase Admin SDK.\r\n    const snapshot = await admin.firestore().collection('boards').doc(String(board_id)).collection('budgets').get();\r\n\r\n    // Send back a message that we've successfully written the message\r\n    if (snapshot)\r\n      response.status(200).json({ budgets: snapshot.docs.map(\r\n        (doc) => {\r\n        return {id: doc.id, ...doc.data()}\r\n      }\r\n      ) \r\n    });\r\n  });\r\n});\r\n\r\nexport const getBudget = functions.https.onRequest(async (request, response) => {\r\n  // you need corsHandler to allow requests from localhost and the deployed website,\r\n  // so you don't get a CORS error.\r\n  corsHandler(request, response, async () => {\r\n    if (request.method !== \"GET\")\r\n      response.status(400).send(\"Bad method. Use GET\");\r\n\r\n    const budget_id = request.query.budget_id\r\n    if(!budget_id){\r\n      response.status(400).send(\"Specify a budget id\");\r\n    }\r\n    const board_id = request.query.board_id\r\n    if(!board_id){\r\n      response.status(400).send(\"Specify a board id\");\r\n    }\r\n    // TODO: Check auth\r\n\r\n    // Push the new message into Firestore using the Firebase Admin SDK.\r\n    const snapshot = await admin.firestore().collection('boards').doc(String(board_id)).collection('budgets').get();\r\n    const oneBudget = snapshot.docs.filter((budgets) => (budgets.id === budget_id))\r\n    \r\n    // Send back a message that we've successfully written the message\r\n    if (oneBudget)\r\n      response.status(200).json({ Budget: oneBudget.map((doc) => doc.data()) });\r\n    else \r\n      response.status(400).send(\"Budget Not Found\");\r\n  });\r\n});\r\n\r\n/**\r\n * Take the budgets object send in the request body and insert it into Firestore\r\n * under the path /budgets/writeResult.id\r\n */\r\nexport const addBudget = functions.https.onRequest(async (request, response) => {\r\n  // you need corsHandler to allow requests from localhost and the deployed website,\r\n  corsHandler(request, response, async () => {\r\n    // Check HTTP method\r\n    if (request.method !== \"POST\")\r\n      response.status(400).send(\"Bad method. Use POST\");\r\n\r\n      var board_id = request.query.id\r\n      if(!board_id){\r\n        response.status(400).send(\"Specify an id\");\r\n      }\r\n      // TODO: Check auth\r\n    // Read the body from the request.\r\n    const body = request.body;\r\n\r\n    // Ensure the body has the necessary information\r\n    // In this case, we check if the body is of type budget\r\n    if (!isBudget(body)) {\r\n      response.status(400).send(\"Bad body in request.\");\r\n      return;\r\n    }\r\n    //add note at board with board_id\r\n    const snapshot = await admin.firestore().collection('boards').doc(String(board_id)).collection('budgets').add(body);\r\n    \r\n    // Send back a message that we've successfully written the message\r\n    if (snapshot)\r\n      response.status(201).json({id: snapshot.id});\r\n  });\r\n});\r\nexport const deleteBudget = functions.https.onRequest(async (request, response) => {\r\n  // you need corsHandler to allow requests from localhost and the deployed website,\r\n  // so you don't get a CORS error.\r\n  corsHandler(request, response, async () => {\r\n    if (request.method !== \"DELETE\")\r\n      response.status(400).send(\"Bad method. Use DELETE\");\r\n\r\n    const budget_id = request.query.budget_id\r\n    if(!budget_id){\r\n      response.status(400).send(\"Specify a budget id\");\r\n    }\r\n    const board_id = request.query.board_id\r\n    if(!board_id){\r\n      response.status(400).send(\"Specify a board id\");\r\n    }\r\n    // TODO: Check auth\r\n\r\n    // Get the budget based on the request parameters\r\n    const snapshot = await admin.firestore().collection('boards').doc(String(board_id)).collection('budgets').doc(String(budget_id));\r\n    \r\n    //delete the budget (if found) and send a response message\r\n    if ((await snapshot.get()).exists){\r\n      snapshot.delete();\r\n      response.status(202).send(`Budget with ID: ${budget_id} is deleted.`);\r\n    } else \r\n      response.status(400).send(\"Budget Not Found\");\r\n  });\r\n});\r\nexport const editBudget = functions.https.onRequest(async (request, response) => {\r\n  // you need corsHandler to allow requests from localhost and the deployed website,\r\n  // so you don't get a CORS error.\r\n  corsHandler(request, response, async () => {\r\n    if (request.method !== \"PUT\")\r\n      response.status(400).send(\"Bad method. Use PUT\");\r\n\r\n    const budget_id = request.query.budget_id\r\n    if(!budget_id){\r\n      response.status(400).send(\"Specify a budget id\");\r\n    }\r\n    const board_id = request.query.board_id\r\n    if(!board_id){\r\n      response.status(400).send(\"Specify a board id\");\r\n    }\r\n\r\n    const body = request.body;\r\n\r\n    // Ensure the body has the necessary information\r\n    // In this case, we check if the body is of type\r\n    if (!isBudget(body)) {\r\n      response.status(400).send(\"Bad body in request.\");\r\n      return;\r\n    }\r\n    // TODO: Check auth\r\n\r\n    // Get the budget based on the request parameters\r\n    const snapshot = await admin.firestore().collection('boards').doc(String(board_id)).collection('budgets').doc(String(budget_id));\r\n    \r\n    //edit the budget (if found) and send a response message\r\n    if ((await snapshot.get()).exists){\r\n      snapshot.set(body);\r\n      response.status(200).send(`Budget with ID: ${budget_id} is updated.`);\r\n    }else \r\n      response.status(400).send(\"Budget Not Found\");\r\n  });\r\n});"]},"_coverageSchema":"1a1c01bbd47fc00a2c39e90264f33305004495a9","hash":"a7488e645309bac419cc7824f7ed9980f870e72e","contentHash":"dd9d4e60881c01b39cb4144cae84be2fb882694790ef08162a8faa7ff1e3a8d1"},"C:\\Users\\ahmed\\OneDrive\\Desktop\\bulletin\\functions\\src\\typeguards\\budget.ts":{"path":"C:\\Users\\ahmed\\OneDrive\\Desktop\\bulletin\\functions\\src\\typeguards\\budget.ts","statementMap":{"0":{"start":{"line":2,"column":0},"end":{"line":2,"column":62}},"1":{"start":{"line":3,"column":0},"end":{"line":3,"column":26}},"2":{"start":{"line":6,"column":16},"end":{"line":6,"column":19}},"3":{"start":{"line":7,"column":4},"end":{"line":19,"column":41}},"4":{"start":{"line":21,"column":0},"end":{"line":21,"column":28}}},"fnMap":{"0":{"name":"isBudget","decl":{"start":{"line":4,"column":9},"end":{"line":4,"column":17}},"loc":{"start":{"line":4,"column":23},"end":{"line":20,"column":1}},"line":4}},"branchMap":{"0":{"loc":{"start":{"line":9,"column":4},"end":{"line":19,"column":39}},"type":"binary-expr","locations":[{"start":{"line":9,"column":4},"end":{"line":9,"column":7}},{"start":{"line":11,"column":8},"end":{"line":11,"column":30}},{"start":{"line":12,"column":8},"end":{"line":12,"column":34}},{"start":{"line":13,"column":8},"end":{"line":13,"column":33}},{"start":{"line":14,"column":8},"end":{"line":14,"column":30}},{"start":{"line":16,"column":8},"end":{"line":16,"column":36}},{"start":{"line":17,"column":8},"end":{"line":17,"column":40}},{"start":{"line":18,"column":8},"end":{"line":18,"column":36}},{"start":{"line":19,"column":8},"end":{"line":19,"column":39}}],"line":9}},"s":{"0":1,"1":1,"2":8,"3":8,"4":1},"f":{"0":8},"b":{"0":[8,8,8,8,8,8,8,8,8]},"inputSourceMap":{"version":3,"file":"C:/Users/ahmed/OneDrive/Desktop/bulletin/functions/src/typeguards/budget.ts","sources":["C:/Users/ahmed/OneDrive/Desktop/bulletin/functions/src/typeguards/budget.ts"],"names":[],"mappings":";;;AAEA,SAAgB,QAAQ,CAAC,GAAQ;IAC/B,6CAA6C;IAC7C,MAAM,GAAG,GAAW,GAAG,CAAC;IAExB,OAAO;IACL,6BAA6B;IAC7B,GAAG;QACH,2CAA2C;QAC3C,GAAG,CAAC,IAAI,KAAK,SAAS;QACtB,GAAG,CAAC,QAAQ,KAAK,SAAS;QAC1B,GAAG,CAAC,OAAO,KAAK,SAAS;QACzB,GAAG,CAAC,IAAI,KAAK,SAAS;QAEtB,uCAAuC;QACvC,OAAO,GAAG,CAAC,IAAI,KAAK,QAAQ;QAC5B,OAAO,GAAG,CAAC,QAAQ,KAAK,QAAQ;QAChC,OAAO,GAAG,CAAC,IAAI,KAAK,QAAQ;QAC5B,OAAO,GAAG,CAAC,OAAO,KAAK,QAAQ,CAChC,CAAC;AACJ,CAAC;AAnBD,4BAmBC","sourcesContent":["import { Budget } from \"../../../types\";\r\n\r\nexport function isBudget(arg: any): arg is Budget {\r\n  // cast any argument being sent into the item\r\n  const obj: Budget = arg;\r\n\r\n  return (\r\n    // Check that the item exists\r\n    obj &&\r\n    // Check that the item's fields are defined\r\n    obj.name !== undefined &&\r\n    obj.assigned !== undefined &&\r\n    obj.balance !== undefined &&\r\n    obj.date !== undefined &&\r\n    \r\n    // Check each item has the correct type\r\n    typeof obj.name === \"string\" &&\r\n    typeof obj.assigned === \"string\" &&\r\n    typeof obj.date === \"string\" &&\r\n    typeof obj.balance === \"number\"\r\n  );\r\n}"]},"_coverageSchema":"1a1c01bbd47fc00a2c39e90264f33305004495a9","hash":"344a57a411a36050f4a630429b646136005d96a5","contentHash":"86de054161d1dfb8d5c5f756c80ddad441546ef4d03f898dc55c088748879fb1"},"C:\\Users\\ahmed\\OneDrive\\Desktop\\bulletin\\functions\\src\\event.ts":{"path":"C:\\Users\\ahmed\\OneDrive\\Desktop\\bulletin\\functions\\src\\event.ts","statementMap":{"0":{"start":{"line":2,"column":0},"end":{"line":2,"column":62}},"1":{"start":{"line":3,"column":0},"end":{"line":3,"column":107}},"2":{"start":{"line":4,"column":15},"end":{"line":4,"column":32}},"3":{"start":{"line":5,"column":19},"end":{"line":5,"column":40}},"4":{"start":{"line":6,"column":16},"end":{"line":6,"column":45}},"5":{"start":{"line":11,"column":0},"end":{"l
[...]
3,"column":59}},"23":{"start":{"line":46,"column":29},"end":{"line":50,"column":18}},"24":{"start":{"line":51,"column":8},"end":{"line":56,"column":9}},"25":{"start":{"line":52,"column":12},"end":{"line":52,"column":56}},"26":{"start":{"line":55,"column":12},"end":{"line":55,"column":69}},"27":{"start":{"line":59,"column":0},"end":{"line":89,"column":3}},"28":{"start":{"line":62,"column":4},"end":{"line":88,"column":7}},"29":{"start":{"line":63,"column":8},"end":{"line":64,"column":61}},"30":{"start":{"line":64,"column":12},"end":{"line":64,"column":61}},"31":{"start":{"line":65,"column":21},"end":{"line":65,"column":33}},"32":{"start":{"line":66,"column":8},"end":{"line":68,"column":9}},"33":{"start":{"line":67,"column":12},"end":{"line":67,"column":59}},"34":{"start":{"line":71,"column":8},"end":{"line":74,"column":9}},"35":{"start":{"line":72,"column":12},"end":{"line":72,"column":62}},"36":{"start":{"line":73,"column":12},"end":{"line":73,"column":19}},"37":{"start":{"line":77,"column":25},"end":{"line":80,"column":33}},"38":{"start":{"line":82,"column":8},"end":{"line":87,"column":56}},"39":{"start":{"line":83,"column":12},"end":{"line":83,"column":31}},"40":{"start":{"line":84,"column":12},"end":{"line":84,"column":78}},"41":{"start":{"line":87,"column":12},"end":{"line":87,"column":56}},"42":{"start":{"line":90,"column":0},"end":{"line":112,"column":3}},"43":{"start":{"line":93,"column":4},"end":{"line":111,"column":7}},"44":{"start":{"line":94,"column":8},"end":{"line":95,"column":61}},"45":{"start":{"line":95,"column":12},"end":{"line":95,"column":61}},"46":{"start":{"line":96,"column":22},"end":{"line":96,"column":41}},"47":{"start":{"line":97,"column":8},"end":{"line":99,"column":9}},"48":{"start":{"line":98,"column":12},"end":{"line":98,"column":62}},"49":{"start":{"line":101,"column":29},"end":{"line":104,"column":40}},"50":{"start":{"line":105,"column":8},"end":{"line":110,"column":9}},"51":{"start":{"line":106,"column":12},"end":{"line":106,"column":56}},"52":{"start":{"line":109,"column":12},"end":{"line":109,"column":106}},"53":{"start":{"line":109,"column":91},"end":{"line":109,"column":101}}},"fnMap":{"0":{"name":"(anonymous_0)","decl":{"start":{"line":11,"column":55},"end":{"line":11,"column":56}},"loc":{"start":{"line":11,"column":84},"end":{"line":34,"column":1}},"line":11},"1":{"name":"(anonymous_1)","decl":{"start":{"line":13,"column":38},"end":{"line":13,"column":39}},"loc":{"start":{"line":13,"column":50},"end":{"line":33,"column":5}},"line":13},"2":{"name":"(anonymous_2)","decl":{"start":{"line":35,"column":55},"end":{"line":35,"column":56}},"loc":{"start":{"line":35,"column":84},"end":{"line":58,"column":1}},"line":35},"3":{"name":"(anonymous_3)","decl":{"start":{"line":38,"column":38},"end":{"line":38,"column":39}},"loc":{"start":{"line":38,"column":50},"end":{"line":57,"column":5}},"line":38},"4":{"name":"(anonymous_4)","decl":{"start":{"line":59,"column":56},"end":{"line":59,"column":57}},"loc":{"start":{"line":59,"column":85},"end":{"line":89,"column":1}},"line":59},"5":{"name":"(anonymous_5)","decl":{"start":{"line":62,"column":38},"end":{"line":62,"column":39}},"loc":{"start":{"line":62,"column":50},"end":{"line":88,"column":5}},"line":62},"6":{"name":"(anonymous_6)","decl":{"start":{"line":90,"column":62},"end":{"line":90,"column":63}},"loc":{"start":{"line":90,"column":91},"end":{"line":112,"column":1}},"line":90},"7":{"name":"(anonymous_7)","decl":{"start":{"line":93,"column":38},"end":{"line":93,"column":39}},"loc":{"start":{"line":93,"column":50},"end":{"line":111,"column":5}},"line":93},"8":{"name":"(anonymous_8)","decl":{"start":{"line":109,"column":82},"end":{"line":109,"column":83}},"loc":{"start":{"line":109,"column":91},"end":{"line":109,"column":101}},"line":109}},"branchMap":{"0":{"loc":{"start":{"line":15,"column":8},"end":{"line":16,"column":62}},"type":"if","locations":[{"start":{"line":15,"column":8},"end":{"line":16,"column":62}},{"start":{"line":15,"column":8},"end":{"line":16,"column":62}}],"line":15},"1":{"loc":{"start":{"line":21,"column":8},"end":{"line":24,"column":9}},"type":"if","locations":[{"start":{"line":21,"column":8},"end":{"line":24,"column":9}},{"start":{"line":21,"column":8},"end":{"line":24,"column":9}}],"line":21},"2":{"loc":{"start":{"line":31,"column":8},"end":{"line":32,"column":73}},"type":"if","locations":[{"start":{"line":31,"column":8},"end":{"line":32,"column":73}},{"start":{"line":31,"column":8},"end":{"line":32,"column":73}}],"line":31},"3":{"loc":{"start":{"line":39,"column":8},"end":{"line":40,"column":61}},"type":"if","locations":[{"start":{"line":39,"column":8},"end":{"line":40,"column":61}},{"start":{"line":39,"column":8},"end":{"line":40,"column":61}}],"line":39},"4":{"loc":{"start":{"line":42,"column":8},"end":{"line":44,"column":9}},"type":"if","locations":[{"start":{"line":42,"column":8},"end":{"line":44,"column":9}},{"start":{"line":42,"column":8},"end":{"line":44,"column":9}}],"line":42},"5":{"loc":{"start":{"line":51,"column":8},"end":{"line":56,"column":9}},"type":"if","locations":[{"start":{"line":51,"column":8},"end":{"line":56,"column":9}},{"start":{"line":51,"column":8},"end":{"line":56,"column":9}}],"line":51},"6":{"loc":{"start":{"line":63,"column":8},"end":{"line":64,"column":61}},"type":"if","locations":[{"start":{"line":63,"column":8},"end":{"line":64,"column":61}},{"start":{"line":63,"column":8},"end":{"line":64,"column":61}}],"line":63},"7":{"loc":{"start":{"line":66,"column":8},"end":{"line":68,"column":9}},"type":"if","locations":[{"start":{"line":66,"column":8},"end":{"line":68,"column":9}},{"start":{"line":66,"column":8},"end":{"line":68,"column":9}}],"line":66},"8":{"loc":{"start":{"line":71,"column":8},"end":{"line":74,"column":9}},"type":"if","locations":[{"start":{"line":71,"column":8},"end":{"line":74,"column":9}},{"start":{"line":71,"column":8},"end":{"line":74,"column":9}}],"line":71},"9":{"loc":{"start":{"line":82,"column":8},"end":{"line":87,"column":56}},"type":"if","locations":[{"start":{"line":82,"column":8},"end":{"line":87,"column":56}},{"start":{"line":82,"column":8},"end":{"line":87,"column":56}}],"line":82},"10":{"loc":{"start":{"line":94,"column":8},"end":{"line":95,"column":61}},"type":"if","locations":[{"start":{"line":94,"column":8},"end":{"line":95,"column":61}},{"start":{"line":94,"column":8},"end":{"line":95,"column":61}}],"line":94},"11":{"loc":{"start":{"line":97,"column":8},"end":{"line":99,"column":9}},"type":"if","locations":[{"start":{"line":97,"column":8},"end":{"line":99,"column":9}},{"start":{"line":97,"column":8},"end":{"line":99,"column":9}}],"line":97},"12":{"loc":{"start":{"line":105,"column":8},"end":{"line":110,"column":9}},"type":"if","locations":[{"start":{"line":105,"column":8},"end":{"line":110,"column":9}},{"start":{"line":105,"column":8},"end":{"line":110,"column":9}}],"line":105}},"s":{"0":1,"1":1,"2":1,"3":1,"4":1,"5":1,"6":10,"7":10,"8":1,"9":9,"10":9,"11":1,"12":0,"13":8,"14":8,"15":8,"16":1,"17":3,"18":3,"19":1,"20":2,"21":2,"22":0,"23":2,"24":2,"25":1,"26":1,"27":1,"28":1,"29":1,"30":0,"31":1,"32":1,"33":0,"34":1,"35":0,"36":0,"37":1,"38":1,"39":1,"40":1,"41":0,"42":1,"43":3,"44":3,"45":2,"46":1,"47":1,"48":0,"49":1,"50":1,"51":0,"52":1,"53":0},"f":{"0":10,"1":10,"2":3,"3":3,"4":1,"5":1,"6":3,"7":3,"8":0},"b":{"0":[1,9],"1":[1,8],"2":[8,0],"3":[1,2],"4":[0,2],"5":[1,1],"6":[0,1],"7":[0,1],"8":[0,1],"9":[1,0],"10":[2,1],"11":[0,1],"12":[0,1]},"inputSourceMap":{"version":3,"file":"C:/Users/ahmed/OneDrive/Desktop/bulletin/functions/src/user.ts","sources":["C:/Users/ahmed/OneDrive/Desktop/bulletin/functions/src/user.ts"],"names":[],"mappings":";;;AAAA,iCAAiC;AACjC,yCAA8C;AAC9C,4CAA2C;AAE3C;;;GAGG;AACU,QAAA,OAAO,GAAG,oBAAS,CAAC,KAAK,CAAC,SAAS,CAAC,KAAK,EAAE,OAAO,EAAE,QAAQ,EAAE,EAAE;IAC3E,kFAAkF;IAClF,cAAW,CAAC,OAAO,EAAE,QAAQ,EAAE,KAAK,IAAI,EAAE;QACxC,oBAAoB;QACpB,IAAI,OAAO,CAAC,MAAM,KAAK,MAAM;YAC3B,QAAQ,CAAC,MAAM,CAAC,GAAG,CAAC,CAAC,IAAI,CAAC,sBAAsB,CAAC,CAAC;QAEpD,kCAAkC;QAClC,MAAM,IAAI,GAAG,OAAO,CAAC,IAAI,CAAC;QAE1B,gDAAgD;QAChD,qDAAqD;QACrD,IAAI,CAAC,aAAM,CAAC,IAAI,CAAC,EAAE;YACjB,QAAQ,CAAC,MAAM,CAAC,GAAG,CAAC,CAAC,IAAI,CAAC,sBAAsB,CAAC,CAAC;YAClD,OAAO;SACR;QAED,MAAM,QAAQ,GAAG,MAAM,gBAAK;aACzB,SAAS,EAAE;aACX,UAAU,CAAC,OAAO,CAAC;aACnB,GAAG,CAAC,IAAI,CAAC,EAAE,CAAC;aACZ,GAAG,CAAC,IAAI,CAAC,CAAC;QAEb,kEAAkE;QAClE,IAAI,QAAQ;YAAE,QAAQ,CAAC,MAAM,CAAC,GAAG,CAAC,CAAC,IAAI,CAAC,iBAAiB,IAAI,CAAC,EAAE,SAAS,CAAC,CAAC;IAC7E,CAAC,CAAC,CAAC;AACL,CAAC,CAAC,CAAC;AAEU,QAAA,OAAO,GAAG,oBAAS,CAAC,KAAK,CAAC,SAAS,CAAC,KAAK,EAAE,OAAO,EAAE,QAAQ,EAAE,EAAE;IAC3E,kFAAkF;IAClF,iCAAiC;IACjC,cAAW,CAAC,OAAO,EAAE,QAAQ,EAAE,KAAK,IAAI,EAAE;QACxC,IAAI,OAAO,CAAC,MAAM,KAAK,KAAK;YAC1B,QAAQ,CAAC,MAAM,CAAC,GAAG,CAAC,CAAC,IAAI,CAAC,qBAAqB,CAAC,CAAC;QAEnD,MAAM,OAAO,GAAG,OAAO,CAAC,KAAK,CAAC,OAAO,CAAC;QACtC,IAAI,CAAC,OAAO,EAAE;YACZ,QAAQ,CAAC,MAAM,CAAC,GAAG,CAAC,CAAC,IAAI,CAAC,mBAAmB,CAAC,CAAC;SAChD;QAED,wDAAwD;QACxD,MAAM,YAAY,GAAG,MAAM,gBAAK;aAC7B,SAAS,EAAE;aACX,UAAU,CAAC,OAAO,CAAC;aACnB,GAAG,CAAC,MAAM,CAAC,OAAO,CAAC,CAAC;aACpB,GAAG,EAAE,CAAC;QACT,IAAI,CAAC,YAAY,CAAC,MAAM,EAAE;YACxB,QAAQ,CAAC,MAAM,CAAC,GAAG,CAAC,CAAC,IAAI,CAAC,gBAAgB,CAAC,CAAC;SAC7C;aAAM;YACL,QAAQ,CAAC,MAAM,CAAC,GAAG,CAAC,CAAC,IAAI,CAAC,EAAE,IAAI,EAAE,YAAY,CAAC,IAAI,EAAE,EAAE,CAAC,CAAC;SAC1D;IACH,CAAC,CAAC,CAAC;AACL,CAAC,CAAC,CAAC;AAEU,QAAA,QAAQ,GAAG,oBAAS,CAAC,KAAK,CAAC,SAAS,CAAC,KAAK,EAAE,OAAO,EAAE,QAAQ,EAAE,EAAE;IAC5E,kFAAkF;IAClF,iCAAiC;IACjC,cAAW,CAAC,OAAO,EAAE,QAAQ,EAAE,KAAK,IAAI,EAAE;QACxC,IAAI,OAAO,CAAC,MAAM,KAAK,KAAK;YAC1B,QAAQ,CAAC,MAAM,CAAC,GAAG,CAAC,CAAC,IAAI,CAAC,qBAAqB,CAAC,CAAC;QAEnD,MAAM,IAAI,GAAG,OAAO,CAAC,IAAI,CAAC;QAC1B,IAAI,CAAC,IAAI,CAAC,EAAE,EAAE;YACZ,QAAQ,CAAC,MAAM,CAAC,GAAG,CAAC,CAAC,IAAI,CAAC,mBAAmB,CAAC,CAAC;SAChD;QAED,gDAAgD;QAChD,qDAAqD;QACrD,IAAI,CAAC,aAAM,CAAC,IAAI,CAAC,EAAE;YACjB,QAAQ,CAAC,MAAM,CAAC,GAAG,CAAC,CAAC,IAAI,CAAC,sBAAsB,CAAC,CAAC;YAClD,OAAO;SACR;QACD,mBAAmB;QAEnB,+CAA+C;QAC/C,MAAM,QAAQ,GAAG,MAAM,gBAAK;aACzB,SAAS,EAAE;aACX,UAAU,CAAC,OAAO,CAAC;aACnB,GAAG,CAAC,MAAM,CAAC,IAAI,CAAC,EAAE,CAAC,CAAC,CAAC;QAExB,oDAAoD;QACpD,IAAI,CAAC,MAAM,QAAQ,CAAC,GAAG,EAAE,CAAC,CAAC,MAAM,EAAE;YACjC,QAAQ,CAAC,GAAG,CAAC,IAAI,CAAC,CAAC;YACnB,QAAQ,CAAC,MAAM,CAAC,GAAG,CAAC,CAAC,IAAI,CAAC,iBAAiB,IAAI,CAAC,EAAE,cAAc,CAAC,CAAC;SACnE;;YAAM,QAAQ,CAAC,MAAM,CAAC,GAAG,CAAC,CAAC,IAAI,CAAC,gBAAgB,CAAC,CAAC;IACrD,CAAC,CAAC,CAAC;AACL,CAAC,CAAC,CAAC;AACU,QAAA,cAAc,GAAG,oBAAS,CAAC,KAAK,CAAC,SAAS,CAAC,KAAK,EAAE,OAAO,EAAE,QAAQ,EAAE,EAAE;IAClF,kFAAkF;IAClF,iCAAiC;IACjC,cAAW,CAAC,OAAO,EAAE,QAAQ,EAAE,KAAK,IAAI,EAAE;QACxC,IAAI,OAAO,CAAC,MAAM,KAAK,KAAK;YAC1B,QAAQ,CAAC,MAAM,CAAC,GAAG,CAAC,CAAC,IAAI,CAAC,qBAAqB,CAAC,CAAC;QAEnD,MAAM,KAAK,GAAG,OAAO,CAAC,KAAK,CAAC,KAAK,CAAC;QAClC,IAAI,CAAC,KAAK,EAAE;YACV,QAAQ,CAAC,MAAM,CAAC,GAAG,CAAC,CAAC,IAAI,CAAC,sBAAsB,CAAC,CAAC;SACnD;QAED,wDAAwD;QACxD,MAAM,YAAY,GAAG,MAAM,gBAAK;aAC7B,SAAS,EAAE;aACX,UAAU,CAAC,OAAO,CAAC;aACnB,KAAK,CAAC,OAAO,EAAE,IAAI,EAAE,KAAK,CAAC,CAAC;QAC/B,IAAI,CAAC,MAAM,YAAY,CAAC,GAAG,EAAE,CAAC,CAAC,IAAI,CAAC,MAAM,KAAK,CAAC,EAAE;YAChD,QAAQ,CAAC,MAAM,CAAC,GAAG,CAAC,CAAC,IAAI,CAAC,gBAAgB,CAAC,CAAC;SAC7C;aAAM;YACL,QAAQ,CAAC,MAAM,CAAC,GAAG,CAAC,CAAC,IAAI,CAAC,EAAE,IAAI,EAAE,CAAC,MAAM,YAAY,CAAC,GAAG,EAAE,CAAC,CAAC,IAAI,CAAC,GAAG,CAAC,CAAC,GAAG,EAAC,EAAE,CAAA,GAAG,CAAC,IAAI,EAAE,CAAC,EAAE,CAAC,CAAC;SAC7F;IACH,CAAC,CAAC,CAAC;AACL,CAAC,CAAC,CAAC","sourcesContent":["import corsHandler from \"./cors\";\r\nimport { admin, functions } from \"./firebase\";\r\nimport { isUser } from \"./typeguards/user\";\r\n\r\n/**\r\n * Take the event object send in the request body and insert it into Firestore\r\n * under the path\r\n */\r\nexport const addUser = functions.https.onRequest(async (request, response) => {\r\n  // you need corsHandler to allow requests from localhost and the deployed website,\r\n  corsHandler(request, response, async () => {\r\n    // Check HTTP method\r\n    if (request.method !== \"POST\")\r\n      response.status(400).send(\"Bad method. Use POST\");\r\n\r\n    // Read the body from the request.\r\n    const body = request.body;\r\n\r\n    // Ensure the body has the necessary information\r\n    // In this case, we check if the body is of type user\r\n    if (!isUser(body)) {\r\n      response.status(400).send(\"Bad body in request.\");\r\n      return;\r\n    }\r\n\r\n    const snapshot = await admin\r\n      .firestore()\r\n      .collection(\"users\")\r\n      .doc(body.id)\r\n      .set(body);\r\n\r\n    // Send back a message that we've successfully written the message\r\n    if (snapshot) response.status(201).send(`User with ID: ${body.id} added.`);\r\n  });\r\n});\r\n\r\nexport const getUser = functions.https.onRequest(async (request, response) => {\r\n  // you need corsHandler to allow requests from localhost and the deployed website,\r\n  // so you don't get a CORS error.\r\n  corsHandler(request, response, async () => {\r\n    if (request.method !== \"GET\")\r\n      response.status(400).send(\"Bad method. Use GET\");\r\n\r\n    const user_id = request.query.user_id;\r\n    if (!user_id) {\r\n      response.status(400).send(\"Specify a user id\");\r\n    }\r\n\r\n    // Get User from Firestore using the Firebase Admin SDK.\r\n    const databaseUser = await admin\r\n      .firestore()\r\n      .collection(\"users\")\r\n      .doc(String(user_id))\r\n      .get();\r\n    if (!databaseUser.exists) {\r\n      response.status(400).send(\"User Not Found\");\r\n    } else {\r\n      response.status(200).json({ user: databaseUser.data() });\r\n    }\r\n  });\r\n});\r\n\r\nexport const editUser = functions.https.onRequest(async (request, response) => {\r\n  // you need corsHandler to allow requests from localhost and the deployed website,\r\n  // so you don't get a CORS error.\r\n  corsHandler(request, response, async () => {\r\n    if (request.method !== \"PUT\")\r\n      response.status(400).send(\"Bad method. Use PUT\");\r\n\r\n    const body = request.body;\r\n    if (!body.id) {\r\n      response.status(400).send(\"Specify a user id\");\r\n    }\r\n\r\n    // Ensure the body has the necessary information\r\n    // In this case, we check if the body is of type Note\r\n    if (!isUser(body)) {\r\n      response.status(400).send(\"Bad body in request.\");\r\n      return;\r\n    }\r\n    // TODO: Check auth\r\n\r\n    // Get the note based on the request parameters\r\n    const snapshot = await admin\r\n      .firestore()\r\n      .collection(\"users\")\r\n      .doc(String(body.id));\r\n\r\n    // Edit the note (if found) and send back a response\r\n    if ((await snapshot.get()).exists) {\r\n      snapshot.set(body);\r\n      response.status(200).send(`User with ID: ${body.id} is updated.`);\r\n    } else response.status(400).send(\"User Not Found\");\r\n  });\r\n});\r\nexport const getUserByEmail = functions.https.onRequest(async (request, response) => {\r\n  // you need corsHandler to allow requests from localhost and the deployed website,\r\n  // so you don't get a CORS error.\r\n  corsHandler(request, response, async () => {\r\n    if (request.method !== \"GET\")\r\n      response.status(400).send(\"Bad method. Use GET\");\r\n\r\n    const email = request.query.email;\r\n    if (!email) {\r\n      response.status(400).send(\"Specify a user email\");\r\n    }\r\n\r\n    // Get User from Firestore using the Firebase Admin SDK.\r\n    const databaseUser = await admin\r\n      .firestore()\r\n      .collection(\"users\")\r\n      .where('email', '==', email);\r\n    if ((await databaseUser.get()).docs.length === 0) {\r\n      response.status(400).send(\"User Not Found\");\r\n    } else {\r\n      response.status(200).json({ user: (await databaseUser.get()).docs.map((doc)=>doc.data()) });\r\n    }\r\n  });\r\n});"]},"_coverageSchema":"1a1c01bbd47fc00a2c39e90264f33305004495a9","hash":"a5b859dfdc7bc823fda519ea2344daf9549f883e","contentHash":"e25149389248c4d86c076f714b4f4d77ead32200ffb63245974c6f1ffa911a9e"},"C:\\Users\\ahmed\\OneDrive\\Desktop\\bulletin\\functions\\src\\typeguards\\user.ts":{"path":"C:\\Users\\ahmed\\OneDrive\\Desktop\\bulletin\\functions\\src\\typeguards\\user.ts","statementMap":{"0":{"start":{"line":2,"column":0},"end":{"line":2,"column":62}},"1":{"start":{"line":3,"column":0},"end":{"line":3,"column":24}},"2":{"start":{"line":6,"column":16},"end":{"line":6,"column":19}},"3":{"start":{"line":7,"column":4},"end":{"line":27,"column":35}},"4":{"start":{"line":29,"column":0},"end":{"line":29,"column":24}}},"fnMap":{"0":{"name":"isUser","decl":{"start":{"line":4,"column":9},"end":{"line":4,"column":15}},"loc":{"start":{"line":4,"column":21},"end":{"line":28,"column":1}},"line":4}},"branchMap":{"0":{"loc":{"start":{"line":9,"column":4},"end":{"line":27,"column":33}},"type":"binary-expr","locations":[{"start":{"line":9,"column":4},"end":{"line":9,"column":7}},{"start":{"line":11,"column":8},"end":{"line":11,"column":28}},{"start":{"line":12,"column":8},"end":{"line":12,"column":30}},{"start":{"line":13,"column":8},"end":{"line":13,"column":31}},{"start":{"line":14,"column":8},"end":{"line":14,"column":42}},{"start":{"line":15,"column":8},"end":{"line":15,"column":37}},{"start":{"line":16,"column":8},"end":{"line":16,"column":34}},{"start":{"line":17,"column":8},"end":{"line":17,"column":32}},{"start":{"line":18,"column":8},"end":{"line":18,"column":33}},{"start":{"line":20,"column":8},"end":{"line":20,"column":34}},{"start":{"line":21,"column":8},"end":{"line":21,"column":36}},{"start":{"line":22,"column":8},"end":{"line":22,"column":37}},{"start":{"line":23,"column":8},"end":{"line":23,"column":47}},{"start":{"line":24,"column":8},"end":{"line":24,"column":42}},{"start":{"line":25,"column":8},"end":{"line":25,"column":39}},{"start":{"line":26,"column":8},"end":{"line":26,"column":38}},{"start":{"line":27,"column":8},"end":{"line":27,"column":33}}],"line":9}},"s":{"0":1,"1":1,"2":10,"3":10,"4":1},"f":{"0":10},"b":{"0":[10,10,10,10,10,10,10,10,10,10,10,10,10,10,10,10,10]},"inputSourceMap":{"version":3,"file":"C:/Users/ahmed/OneDrive/Desktop/bulletin/functions/src/typeguards/user.ts","sources":["C:/Users/ahmed/OneDrive/Desktop/bulletin/functions/src/typeguards/user.ts"],"names":[],"mappings":";;;AAEA,SAAgB,MAAM,CAAC,GAAQ;IAC7B,6CAA6C;IAC7C,MAAM,GAAG,GAAS,GAAG,CAAC;IAEtB,OAAO;IACL,6BAA6B;IAC7B,GAAG;QACH,2CAA2C;QAC3C,GAAG,CAAC,EAAE,KAAK,SAAS;QACpB,GAAG,CAAC,IAAI,KAAK,SAAS;QACtB,GAAG,CAAC,KAAK,KAAK,SAAS;QACvB,GAAG,CAAC,gBAAgB,KAAK,SAAS;QAClC,GAAG,CAAC,WAAW,KAAK,SAAS;QAC7B,GAAG,CAAC,QAAQ,KAAK,SAAS;QAC1B,GAAG,CAAC,MAAM,KAAK,SAAS;QACxB,GAAG,CAAC,OAAO,KAAK,SAAS;QACzB,uCAAuC;QACvC,OAAO,GAAG,CAAC,EAAE,KAAK,QAAQ;QAC1B,OAAO,GAAG,CAAC,IAAI,KAAK,QAAQ;QAC5B,OAAO,GAAG,CAAC,KAAK,KAAK,QAAQ;QAC7B,OAAO,GAAG,CAAC,gBAAgB,IAAI,QAAQ;QACvC,OAAO,GAAG,CAAC,WAAW,IAAI,QAAQ;QAClC,OAAO,GAAG,CAAC,QAAQ,IAAI,QAAQ;QAC/B,OAAO,GAAG,CAAC,OAAO,IAAI,QAAQ;QAC9B,KAAK,CAAC,OAAO,CAAC,GAAG,CAAC,MAAM,CAAC,CAC1B,CAAC;AACJ,CAAC;AA1BD,wBA0BC","sourcesContent":["import { User } from \"../../../types\";\r\n\r\nexport function isUser(arg: any): arg is User {\r\n  // cast any argument being sent into the user\r\n  const obj: User = arg;\r\n\r\n  return (\r\n    // Check that the user exists\r\n    obj &&\r\n    // Check that the user's fields are defined\r\n    obj.id !== undefined &&\r\n    obj.name !== undefined &&\r\n    obj.email !== undefined &&\r\n    obj.alternativeEmail !== undefined &&\r\n    obj.phoneNumber !== undefined &&\r\n    obj.overview !== undefined &&\r\n    obj.boards !== undefined &&\r\n    obj.idToken !== undefined &&\r\n    // Check each user has the correct type\r\n    typeof obj.id === \"string\" &&\r\n    typeof obj.name === \"string\" &&\r\n    typeof obj.email === \"string\" &&\r\n    typeof obj.alternativeEmail == \"string\" &&\r\n    typeof obj.phoneNumber == \"string\" &&\r\n    typeof obj.overview == \"string\" &&\r\n    typeof obj.idToken == \"string\" &&\r\n    Array.isArray(obj.boards)\r\n  );\r\n}\r\n"]},"_coverageSchema":"1a1c01bbd47fc00a2c39e90264f33305004495a9","hash":"92007580252d8b57802ec6ce8a1b992839920825","contentHash":"8acd43a5359a90137aead204375413e57153804ddc44c0d6f6ffc1f0bf28d594"}}